

> monad.ai@2.2.4 prebuild /Users/suign/Desktop/Neuroverse/all.this/modules/monad/Typescript
> vitest run

[?25l
[1m[30m[46m RUN [49m[39m[22m [36mv4.1.5 [39m[90m/Users/suign/Desktop/Neuroverse/all.this/modules/monad/Typescript[39m

[?2026h
[1m[33m ❯ [39m[22mtests/NRP/scoring.test.ts[2m [queued][22m

[2m Test Files [22m[1m[32m0 passed[39m[22m[90m (26)[39m
[2m      Tests [22m[1m[32m0 passed[39m[22m[90m (0)[39m
[2m   Start at [22m16:34:49
[2m   Duration [22m210ms
[?2026l[?2026h[K[1A[K[1A[K[1A[K[1A[K[1A[K[1A[K[1A[K
[1m[33m ❯ [39m[22mtests/claimsOpenProfile.test.ts[2m [queued][22m
[1m[33m ❯ [39m[22mtests/NRP/scoring.test.ts[2m [queued][22m
[1m[33m ❯ [39m[22mtests/replayCanonicalization.test.ts[2m [queued][22m
[1m[33m ❯ [39m[22mtests/rootUsersProjection.test.ts[2m [queued][22m

[2m Test Files [22m[1m[32m0 passed[39m[22m[90m (26)[39m
[2m      Tests [22m[1m[32m0 passed[39m[22m[90m (0)[39m
[2m   Start at [22m16:34:49
[2m   Duration [22m310ms
[?2026l[?2026h[K[1A[K[1A[K[1A[K[1A[K[1A[K[1A[K[1A[K[1A[K[1A[K[1A[K
[1m[33m ❯ [39m[22mtests/claimsOpenProfile.test.ts[2m [queued][22m
[1m[33m ❯ [39m[22mtests/Demos/socialGraph.test.ts[2m [queued][22m
[1m[33m ❯ [39m[22mtests/NRP/meshSelect.test.ts[2m [queued][22m
[1m[33m ❯ [39m[22mtests/NRP/scoring.test.ts[2m [queued][22m
[1m[33m ❯ [39m[22mtests/persistentClaim.test.ts[2m [queued][22m
[1m[33m ❯ [39m[22mtests/replayCanonicalization.test.ts[2m [queued][22m
[1m[33m ❯ [39m[22mtests/rootUsersProjection.test.ts[2m [queued][22m

[2m Test Files [22m[1m[32m0 passed[39m[22m[90m (26)[39m
[2m      Tests [22m[1m[32m0 passed[39m[22m[90m (0)[39m
[2m   Start at [22m16:34:49
[2m   Duration [22m550ms
[?2026l[?2026h[K[1A[K[1A[K[1A[K[1A[K[1A[K[1A[K[1A[K[1A[K[1A[K[1A[K[1A[K[1A[K[1A[K
[1m[33m ❯ [39m[22mtests/claimsOpenProfile.test.ts[2m [queued][22m
[1m[33m ❯ [39m[22mtests/Demos/socialGraph.test.ts[2m [queued][22m
[1m[33m ❯ [39m[22mtests/NRP/meshSelect.test.ts[2m [queued][22m
[1m[33m ❯ [39m[22mtests/NRP/scoring.test.ts[2m [queued][22m
[1m[33m ❯ [39m[22mtests/persistentClaim.test.ts[2m 0/3[22m
[1m[33m ❯ [39m[22mtests/replayCanonicalization.test.ts[2m [queued][22m
[1m[33m ❯ [39m[22mtests/rootUsersProjection.test.ts[2m [queued][22m

[2m Test Files [22m[1m[32m0 passed[39m[22m[90m (26)[39m
[2m      Tests [22m[1m[32m0 passed[39m[22m[90m (3)[39m
[2m   Start at [22m16:34:49
[2m   Duration [22m759ms
[?2026l[?2026h[K[1A[K[1A[K[1A[K[1A[K[1A[K[1A[K[1A[K[1A[K[1A[K[1A[K[1A[K[1A[K[1A[K
[1m[33m ❯ [39m[22mtests/claimsOpenProfile.test.ts[2m [queued][22m
[1m[33m ❯ [39m[22mtests/Demos/socialGraph.test.ts[2m [queued][22m
[1m[33m ❯ [39m[22mtests/NRP/meshSelect.test.ts[2m 0/34[22m
[1m[33m ❯ [39m[22mtests/NRP/scoring.test.ts[2m [queued][22m
[1m[33m ❯ [39m[22mtests/persistentClaim.test.ts[2m 0/3[22m
[1m[33m ❯ [39m[22mtests/replayCanonicalization.test.ts[2m 0/2[22m
[1m[33m ❯ [39m[22mtests/rootUsersProjection.test.ts[2m 0/1[22m

[2m Test Files [22m[1m[32m0 passed[39m[22m[90m (26)[39m
[2m      Tests [22m[1m[32m0 passed[39m[22m[90m (40)[39m
[2m   Start at [22m16:34:49
[2m   Duration [22m959ms
[?2026l[?2026h[K[1A[K[1A[K[1A[K[1A[K[1A[K[1A[K[1A[K[1A[K[1A[K[1A[K[1A[K[1A[K[1A[K
[1m[33m ❯ [39m[22mtests/claimsOpenProfile.test.ts[2m [queued][22m
[1m[33m ❯ [39m[22mtests/Demos/socialGraph.test.ts[2m [queued][22m
[1m[33m ❯ [39m[22mtests/NRP/meshSelect.test.ts[2m 1/34[22m
[1m[33m ❯ [39m[22mtests/NRP/scoring.test.ts[2m 0/38[22m
[1m[33m ❯ [39m[22mtests/persistentClaim.test.ts[2m 0/3[22m
[1m[33m ❯ [39m[22mtests/replayCanonicalization.test.ts[2m 0/2[22m
[1m[33m ❯ [39m[22mtests/rootUsersProjection.test.ts[2m 0/1[22m

[2m Test Files [22m[1m[32m0 passed[39m[22m[90m (26)[39m
[2m      Tests [22m[1m[32m1 passed[39m[22m[90m (78)[39m
[2m   Start at [22m16:34:49
[2m   Duration [22m1.08s
[?2026l[?2026h[K[1A[K[1A[K[1A[K[1A[K[1A[K[1A[K[1A[K[1A[K[1A[K[1A[K[1A[K[1A[K[1A[K [32m✓[39m tests/NRP/meshSelect.test.ts[2m > [22mselectMeshClaimant — no claimants[2m > [22mreturns null when index is empty[32m 38[2mms[22m[39m
 [32m✓[39m tests/NRP/meshSelect.test.ts[2m > [22mselectMeshClaimant — self exclusion[2m > [22mexcludes entry matching selfEndpoint[32m 5[2mms[22m[39m
 [32m✓[39m tests/NRP/meshSelect.test.ts[2m > [22mselectMeshClaimant — self exclusion[2m > [22mexcludes entry matching selfEndpoint with trailing slash[32m 5[2mms[22m[39m
 [32m✓[39m tests/NRP/meshSelect.test.ts[2m > [22mselectMeshClaimant — self exclusion[2m > [22mexcludes entry matching selfMonadId regardless of endpoint[32m 18[2mms[22m[39m
 [32m✓[39m tests/NRP/scoring.test.ts[2m > [22mclaim meta I/O[2m > [22mreturns empty object for unknown monad/namespace[32m 8[2mms[22m[39m
 [32m✓[39m tests/NRP/scoring.test.ts[2m > [22mclaim meta I/O[2m > [22mroundtrips a claim meta object[32m 2[2mms[22m[39m
 [32m✓[39m tests/NRP/scoring.test.ts[2m > [22mclaim meta I/O[2m > [22mmerges partial updates without overwriting other fields[32m 1[2mms[22m[39m
 [32m✓[39m tests/NRP/scoring.test.ts[2m > [22mclaim meta I/O[2m > [22mstores any arbitrary field — schema is open[32m 2[2mms[22m[39m
 [32m✓[39m tests/NRP/scoring.test.ts[2m > [22mcomputeScore — behavioral[2m > [22mfresh entry with resonance scores above zero[32m 16[2mms[22m[39m
 [32m✓[39m tests/NRP/scoring.test.ts[2m > [22mcomputeScore — behavioral[2m > [22mstale entry scores lower than fresh entry (same meta)[32m 1[2mms[22m[39m
 [32m✓[39m tests/NRP/scoring.test.ts[2m > [22mcomputeScore — behavioral[2m > [22mhigh resonance scores higher than zero resonance (same freshness)[32m 0[2mms[22m[39m
 [32m✓[39m tests/NRP/scoring.test.ts[2m > [22mcomputeScore — behavioral[2m > [22mlow latency scores higher than high latency (same freshness)[32m 1[2mms[22m[39m
 [32m✓[39m tests/NRP/scoring.test.ts[2m > [22mcomputeScore — behavioral[2m > [22mextra scorer stacks on top of built-ins[32m 1[2mms[22m[39m
 [32m✓[39m tests/NRP/scoring.test.ts[2m > [22mcomputeScore — behavioral[2m > [22mextra scorer can read arbitrary meta fields[32m 2[2mms[22m[39m
 [32m✓[39m tests/NRP/scoring.test.ts[2m > [22mcomputeScore — behavioral[2m > [22mscorer with _weight_<name> override shifts the result[32m 1[2mms[22m[39m
 [32m✓[39m tests/NRP/scoring.test.ts[2m > [22mcomputeScore — invariants[2m > [22mscore is always in [0, 1] with default weights[32m 0[2mms[22m[39m
 [32m✓[39m tests/NRP/scoring.test.ts[2m > [22mcomputeScore — invariants[2m > [22mscore is always in [0, 1] with extreme weight overrides[32m 8[2mms[22m[39m
 [32m✓[39m tests/NRP/scoring.test.ts[2m > [22mcomputeScore — invariants[2m > [22mscaling all weights by a constant does not change the score[32m 1[2mms[22m[39m
 [32m✓[39m tests/NRP/scoring.test.ts[2m > [22mcomputeScore — invariants[2m > [22mis deterministic — identical inputs produce identical output[32m 0[2mms[22m[39m
 [32m✓[39m tests/NRP/scoring.test.ts[2m > [22mcomputeScore — invariants[2m > [22mextra scorer injection order does not change the score[32m 1[2mms[22m[39m
 [32m✓[39m tests/NRP/scoring.test.ts[2m > [22mcomputeScore — invariants[2m > [22mNaN in meta does not propagate — score remains finite[32m 0[2mms[22m[39m
 [32m✓[39m tests/NRP/scoring.test.ts[2m > [22mcomputeScore — invariants[2m > [22mInfinity in meta does not propagate — score stays in [0, 1][32m 0[2mms[22m[39m
 [32m✓[39m tests/NRP/scoring.test.ts[2m > [22mcomputeScore — invariants[2m > [22minvalid weight (NaN) falls back to zero — scorer excluded gracefully[32m 1[2mms[22m[39m
 [32m✓[39m tests/NRP/scoring.test.ts[2m > [22mcomputeScore — invariants[2m > [22mraw mode is unbounded but still finite when weights are valid[32m 0[2mms[22m[39m
 [32m✓[39m tests/NRP/scoring.test.ts[2m > [22mrecordForwardResult — learning loop[2m > [22mincrements resonance and forwardCount on success[32m 2[2mms[22m[39m
 [32m✓[39m tests/NRP/scoring.test.ts[2m > [22mrecordForwardResult — learning loop[2m > [22mdecrements resonance and increments failureCount on failure[32m 6[2mms[22m[39m
 [32m✓[39m tests/NRP/scoring.test.ts[2m > [22mrecordForwardResult — learning loop[2m > [22mtracks EWMA latency (weighted toward recent values)[32m 2[2mms[22m[39m
 [32m✓[39m tests/NRP/scoring.test.ts[2m > [22mrecordForwardResult — learning loop[2m > [22mresonance decays with 0.97 factor — old wins don't last forever[32m 1[2mms[22m[39m
 [32m✓[39m tests/NRP/scoring.test.ts[2m > [22mrecordForwardResult — learning loop[2m > [22meffectiveResonance is penalized by failure rate[32m 1[2mms[22m[39m
 [32m✓[39m tests/NRP/scoring.test.ts[2m > [22mrecordForwardResult — learning loop[2m > [22mresonance never exceeds 1000[32m 1[2mms[22m[39m
 [32m✓[39m tests/NRP/scoring.test.ts[2m > [22mrecordForwardResult — learning loop[2m > [22mresonance never goes below 0[32m 1[2mms[22m[39m
 [32m✓[39m tests/NRP/scoring.test.ts[2m > [22mcomputeScoreDetailed — introspection[2m > [22mbreakdown keys match the scorer names[32m 0[2mms[22m[39m
 [32m✓[39m tests/NRP/scoring.test.ts[2m > [22mcomputeScoreDetailed — introspection[2m > [22msum of contributions equals total[32m 0[2mms[22m[39m
 [32m✓[39m tests/NRP/scoring.test.ts[2m > [22mcomputeScoreDetailed — introspection[2m > [22mweights in breakdown sum to 1 in normalized mode[32m 0[2mms[22m[39m
 [32m✓[39m tests/NRP/scoring.test.ts[2m > [22mcomputeScoreDetailed — introspection[2m > [22mextra scorers appear in breakdown[32m 0[2mms[22m[39m
 [32m✓[39m tests/NRP/scoring.test.ts[2m > [22mcomputeScoreDetailed — introspection[2m > [22mcomputeScore and computeScoreDetailed produce identical totals[32m 0[2mms[22m[39m
 [32m✓[39m tests/NRP/scoring.test.ts[2m > [22mcomputeScoreDetailed — introspection[2m > [22mselectMeshClaimant exposes score and breakdown on result[32m 31[2mms[22m[39m
[90mstdout[2m | tests/persistentClaim.test.ts[2m > [22m[2mpersistent claims[2m > [22m[2mcreates a signed persistent claim and stores it on disk
[22m[39m[kernel] snapshot saved to /tmp/monad-me-state-5wLhm9/snapshot.json

 [32m✓[39m tests/NRP/scoring.test.ts[2m > [22mcomputeScoreDetailed — introspection[2m > [22mexposes runnerUp when multiple claimants exist[32m 19[2mms[22m[39m
 [32m✓[39m tests/NRP/scoring.test.ts[2m > [22mcomputeScoreDetailed — introspection[2m > [22mrunnerUp is undefined when only one claimant[32m 32[2mms[22m[39m
 [32m✓[39m tests/NRP/scoring.test.ts[2m > [22mselectMeshClaimant — scoring integration[2m > [22mselects the higher-resonance claimant over a fresher but unknown node[32m 6[2mms[22m[39m
 [32m✓[39m tests/NRP/scoring.test.ts[2m > [22mselectMeshClaimant — scoring integration[2m > [22mcustom extra scorer with dominating weight overrides built-in ordering[32m 4[2mms[22m[39m
 [32m✓[39m tests/NRP/scoring.test.ts[2m > [22mselectMeshClaimant — scoring integration[2m > [22mlearning loop shifts winner after repeated successful forwards[32m 4[2mms[22m[39m

[1m[33m ❯ [39m[22mtests/claimsOpenProfile.test.ts[2m 0/1[22m
[1m[33m ❯ [39m[22mtests/Demos/socialGraph.test.ts[2m [queued][22m
[1m[33m ❯ [39m[22mtests/NRP/meshSelect.test.ts[2m 5/34[22m
[1m[33m ❯ [39m[22mtests/NRP/scoring.test.ts[2m 38/38[22m
[1m[33m ❯ [39m[22mtests/persistentClaim.test.ts[2m 0/3[22m
[1m[33m ❯ [39m[22mtests/replayCanonicalization.test.ts[2m 0/2[22m
[1m[33m ❯ [39m[22mtests/rootUsersProjection.test.ts[2m 0/1[22m

[2m Test Files [22m[1m[32m1 passed[39m[22m[90m (26)[39m
[2m      Tests [22m[1m[32m43 passed[39m[22m[90m (79)[39m
[2m   Start at [22m16:34:49
[2m   Duration [22m1.18s
[?2026l[?2026h[K[1A[K[1A[K[1A[K[1A[K[1A[K[1A[K[1A[K[1A[K[1A[K[1A[K[1A[K[1A[K[1A[K [32m✓[39m tests/NRP/meshSelect.test.ts[2m > [22mselectMeshClaimant — staleness[2m > [22mexcludes entries older than stalenessMs[32m 37[2mms[22m[39m
 [32m✓[39m tests/NRP/meshSelect.test.ts[2m > [22mselectMeshClaimant — staleness[2m > [22mincludes entries exactly at the staleness boundary[32m 7[2mms[22m[39m
 [32m✓[39m tests/NRP/meshSelect.test.ts[2m > [22mselectMeshClaimant — selection[2m > [22mselects a fresh non-self claimant with reason mesh-claim[32m 6[2mms[22m[39m
 [32m✓[39m tests/NRP/meshSelect.test.ts[2m > [22mselectMeshClaimant — selection[2m > [22mprefers most-recently-seen when multiple claimants qualify[32m 3[2mms[22m[39m
 [32m✓[39m tests/NRP/meshSelect.test.ts[2m > [22mselectMeshClaimant — name selector[2m > [22mfinds monad by name and returns name-selector reason[32m 1[2mms[22m[39m
 [32m✓[39m tests/NRP/meshSelect.test.ts[2m > [22mselectMeshClaimant — name selector[2m > [22mname selector is case-insensitive[32m 1[2mms[22m[39m
 [32m✓[39m tests/NRP/meshSelect.test.ts[2m > [22mselectMeshClaimant — name selector[2m > [22mreturns null when named monad does not exist[32m 11[2mms[22m[39m
 [32m✓[39m tests/NRP/meshSelect.test.ts[2m > [22mselectMeshClaimant — name selector[2m > [22mname selector bypasses namespace filter and staleness[32m 2[2mms[22m[39m
 [32m✓[39m tests/NRP/meshSelect.test.ts[2m > [22mmatchesMeshSelector[2m > [22mnull selector always matches[32m 1[2mms[22m[39m
 [32m✓[39m tests/NRP/meshSelect.test.ts[2m > [22mmatchesMeshSelector[2m > [22mempty string selector always matches[32m 1[2mms[22m[39m
 [32m✓[39m tests/NRP/meshSelect.test.ts[2m > [22mmatchesMeshSelector[2m > [22mmatches by tag[32m 1[2mms[22m[39m
 [32m✓[39m tests/NRP/meshSelect.test.ts[2m > [22mmatchesMeshSelector[2m > [22mmatches by type as tag[32m 0[2mms[22m[39m
 [32m✓[39m tests/NRP/meshSelect.test.ts[2m > [22mmatchesMeshSelector[2m > [22mmatches explicit tag: prefix[32m 0[2mms[22m[39m
 [32m✓[39m tests/NRP/meshSelect.test.ts[2m > [22mmatchesMeshSelector[2m > [22mmatches device: prefix against tags[32m 0[2mms[22m[39m
 [32m✓[39m tests/NRP/meshSelect.test.ts[2m > [22mmatchesMeshSelector[2m > [22mmatches host: prefix against namespace[32m 0[2mms[22m[39m
 [32m✓[39m tests/NRP/meshSelect.test.ts[2m > [22mmatchesMeshSelector[2m > [22mOR groups — matches if any group satisfies[32m 0[2mms[22m[39m
 [32m✓[39m tests/NRP/meshSelect.test.ts[2m > [22mmatchesMeshSelector[2m > [22mAND within group — all clauses must match[32m 1[2mms[22m[39m
 [32m✓[39m tests/NRP/meshSelect.test.ts[2m > [22mmatchesMeshSelector[2m > [22mmulti-value clause — any value matches[32m 0[2mms[22m[39m
 [32m✓[39m tests/NRP/meshSelect.test.ts[2m > [22mselectMeshClaimant — exploration[2m > [22mwith explorationRate=0 always returns the highest-scoring node[32m 46[2mms[22m[39m
[90mstdout[2m | tests/replayCanonicalization.test.ts[2m > [22m[2mcanonical replay memories[2m > [22m[2mnormalizes generic write payloads into replayable .me memories
[22m[39m[kernel] snapshot saved to /tmp/monad-me-state-klYZt1/snapshot.json

 [32m✓[39m tests/replayCanonicalization.test.ts[2m > [22mcanonical replay memories[2m > [22mnormalizes generic write payloads into replayable .me memories[33m 375[2mms[22m[39m
[90mstdout[2m | tests/rootUsersProjection.test.ts[2m > [22m[2mprojects claimed users from the root namespace
[22m[39m[kernel] snapshot saved to /tmp/monad-me-state-TR4Gcy/snapshot.json


[1m[33m ❯ [39m[22mtests/claimsOpenProfile.test.ts[2m 0/1[22m
[1m[33m ❯ [39m[22mtests/Demos/socialGraph.test.ts[2m [queued][22m
[1m[33m ❯ [39m[22mtests/NRP/meshSelect.test.ts[2m 24/34[22m
[1m[33m ❯ [39m[22mtests/NRP/scoring.test.ts[2m 38/38[22m
[1m[33m ❯ [39m[22mtests/persistentClaim.test.ts[2m 0/3[22m
[1m[33m ❯ [39m[22mtests/replayCanonicalization.test.ts[2m 1/2[22m
[1m[33m ❯ [39m[22mtests/rootUsersProjection.test.ts[2m 0/1[22m

[2m Test Files [22m[1m[32m1 passed[39m[22m[90m (26)[39m
[2m      Tests [22m[1m[32m63 passed[39m[22m[90m (79)[39m
[2m   Start at [22m16:34:49
[2m   Duration [22m1.29s
[?2026l[?2026h[K[1A[K[1A[K[1A[K[1A[K[1A[K[1A[K[1A[K[1A[K[1A[K[1A[K[1A[K[1A[K[1A[K [32m✓[39m tests/NRP/meshSelect.test.ts[2m > [22mselectMeshClaimant — exploration[2m > [22mwith explorationRate=1 and low margin routes to runner-up with reason 'exploration'[32m 43[2mms[22m[39m
 [32m✓[39m tests/NRP/meshSelect.test.ts[2m > [22mselectMeshClaimant — exploration[2m > [22mexploration does not trigger when only one claimant (no runner-up)[32m 4[2mms[22m[39m
 [32m✓[39m tests/NRP/meshSelect.test.ts[2m > [22mselectMeshClaimant — exploration[2m > [22mexploration does not trigger when margin is above threshold[32m 30[2mms[22m[39m
 [32m✓[39m tests/NRP/meshSelect.test.ts[2m > [22mselectMeshClaimant — selectorConstraint[2m > [22monly returns claimants matching the selector[32m 11[2mms[22m[39m
 [32m✓[39m tests/NRP/meshSelect.test.ts[2m > [22mselectMeshClaimant — selectorConstraint[2m > [22mreturns null when no claimant satisfies the selector[32m 7[2mms[22m[39m
 [32m✓[39m tests/NRP/meshSelect.test.ts[2m > [22mselectMeshClaimant — selectorConstraint[2m > [22mnull selectorConstraint does not filter by tags[32m 65[2mms[22m[39m
 [32m✓[39m tests/NRP/meshSelect.test.ts[2m > [22mselectMeshClaimantByScope — scope chain fallback[2m > [22mreturns null when no monad with the given name exists[32m 23[2mms[22m[39m
 [32m✓[39m tests/NRP/meshSelect.test.ts[2m > [22mselectMeshClaimantByScope — scope chain fallback[2m > [22mfinds frank claiming the exact compound namespace[32m 5[2mms[22m[39m
 [32m✓[39m tests/NRP/meshSelect.test.ts[2m > [22mselectMeshClaimantByScope — scope chain fallback[2m > [22mfalls back to rootspace when frank is not in compound but is in rootspace[32m 8[2mms[22m[39m
 [32m✓[39m tests/NRP/meshSelect.test.ts[2m > [22mselectMeshClaimantByScope — scope chain fallback[2m > [22mprefers compound namespace over rootspace when both exist[32m 3[2mms[22m[39m
 [32m✓[39m tests/NRP/meshSelect.test.ts[2m > [22mselectMeshClaimantByScope — scope chain fallback[2m > [22mexcludes self from scope chain results[32m 3[2mms[22m[39m

[1m[33m ❯ [39m[22mtests/claimsOpenProfile.test.ts[2m 0/1[22m
[1m[33m ❯ [39m[22mtests/Demos/socialGraph.test.ts[2m [queued][22m
[1m[33m ❯ [39m[22mtests/NRP/adaptiveWeights.test.ts[2m 0/20[22m
[1m[33m ❯ [39m[22mtests/NRP/meshSelect.test.ts[2m 34/34[22m
[1m[33m ❯ [39m[22mtests/persistentClaim.test.ts[2m 0/3[22m
[1m[33m ❯ [39m[22mtests/replayCanonicalization.test.ts[2m 1/2[22m
[1m[33m ❯ [39m[22mtests/rootUsersProjection.test.ts[2m 0/1[22m

[2m Test Files [22m[1m[32m2 passed[39m[22m[90m (26)[39m
[2m      Tests [22m[1m[32m73 passed[39m[22m[90m (99)[39m
[2m   Start at [22m16:34:49
[2m   Duration [22m1.49s
[?2026l[?2026h[K[1A[K[1A[K[1A[K[1A[K[1A[K[1A[K[1A[K[1A[K[1A[K[1A[K[1A[K[1A[K[1A[K[90mstdout[2m | tests/claimsOpenProfile.test.ts[2m > [22m[2mclaims open profile hydration[2m > [22m[2mreads profile fields and canonical claim timestamp from semantic state
[22m[39m[kernel] snapshot saved to /tmp/monad-me-state-TwZUCD/snapshot.json

 [32m✓[39m tests/claimsOpenProfile.test.ts[2m > [22mclaims open profile hydration[2m > [22mreads profile fields and canonical claim timestamp from semantic state[33m 408[2mms[22m[39m
 [32m✓[39m tests/NRP/adaptiveWeights.test.ts[2m > [22mreadAdaptiveWeights[2m > [22mreturns DEFAULT_WEIGHTS before any learning[32m 4[2mms[22m[39m
 [32m✓[39m tests/NRP/adaptiveWeights.test.ts[2m > [22mreadAdaptiveWeights[2m > [22mreturns updated values after a write[32m 1[2mms[22m[39m
 [32m✓[39m tests/NRP/adaptiveWeights.test.ts[2m > [22mreadAdaptiveWeights[2m > [22mclamps stored weights below WEIGHT_MIN to WEIGHT_MIN on read[32m 1[2mms[22m[39m
 [32m✓[39m tests/NRP/adaptiveWeights.test.ts[2m > [22mupdateAdaptiveWeights[2m > [22mpositive reward increases the contributing scorer's weight[32m 1[2mms[22m[39m
 [32m✓[39m tests/NRP/adaptiveWeights.test.ts[2m > [22mupdateAdaptiveWeights[2m > [22mnegative reward decreases the contributing scorer's weight[32m 1[2mms[22m[39m
 [32m✓[39m tests/NRP/adaptiveWeights.test.ts[2m > [22mupdateAdaptiveWeights[2m > [22mweight never drops below WEIGHT_MIN regardless of extreme negative reward[32m 17[2mms[22m[39m
 [32m✓[39m tests/NRP/adaptiveWeights.test.ts[2m > [22mupdateAdaptiveWeights[2m > [22mupdate magnitude scales with learning rate × reward × contribution[32m 2[2mms[22m[39m
 [32m✓[39m tests/NRP/adaptiveWeights.test.ts[2m > [22mupdateAdaptiveWeights[2m > [22mNaN reward is ignored — weights unchanged[32m 1[2mms[22m[39m
 [32m✓[39m tests/NRP/adaptiveWeights.test.ts[2m > [22mupdateAdaptiveWeights[2m > [22mzero reward is a no-op[32m 1[2mms[22m[39m
 [32m✓[39m tests/NRP/adaptiveWeights.test.ts[2m > [22mupdateAdaptiveWeights[2m > [22mupdate persists — survives a second read call[32m 2[2mms[22m[39m
 [32m✓[39m tests/NRP/adaptiveWeights.test.ts[2m > [22mintegration with computeScore — adaptiveWeights in ScoringContext[2m > [22mlearned weights influence score when passed via ctx.adaptiveWeights[32m 15[2mms[22m[39m
 [32m✓[39m tests/NRP/adaptiveWeights.test.ts[2m > [22mintegration with computeScore — adaptiveWeights in ScoringContext[2m > [22mper-claim meta override still takes precedence over adaptiveWeights[32m 1[2mms[22m[39m
 [32m✓[39m tests/NRP/adaptiveWeights.test.ts[2m > [22mnamespace learning — maturity split[2m > [22mdoes not create namespace weights on read[32m 2[2mms[22m[39m
 [32m✓[39m tests/NRP/adaptiveWeights.test.ts[2m > [22mnamespace learning — maturity split[2m > [22mcreates namespace store on first namespaced write[32m 1[2mms[22m[39m
 [32m✓[39m tests/NRP/adaptiveWeights.test.ts[2m > [22mnamespace learning — maturity split[2m > [22msplits the same delta vector between global and namespace stores[32m 2[2mms[22m[39m
 [32m✓[39m tests/NRP/adaptiveWeights.test.ts[2m > [22mnamespace learning — maturity split[2m > [22mblends 70% namespace / 30% global at 140 samples[32m 13[2mms[22m[39m
 [32m✓[39m tests/NRP/adaptiveWeights.test.ts[2m > [22mnamespace learning — maturity split[2m > [22mkeeps 5% global background learning after full namespace maturity[32m 8[2mms[22m[39m
 [32m✓[39m tests/NRP/adaptiveWeights.test.ts[2m > [22mlearning loop — correlateOutcome triggers weight update[2m > [22msuccessful forward increases weight of contributing scorers[32m 2[2mms[22m[39m
 [32m✓[39m tests/NRP/adaptiveWeights.test.ts[2m > [22mlearning loop — correlateOutcome triggers weight update[2m > [22mfailed forward decreases weight of scorers that contributed to the bad decision[32m 2[2mms[22m[39m
 [32m✓[39m tests/NRP/adaptiveWeights.test.ts[2m > [22mlearning loop — correlateOutcome triggers weight update[2m > [22mrepeated successes shift selectMeshClaimant toward the resonance-rich node[32m 2[2mms[22m[39m
[90mstdout[2m | tests/rootUsersProjection.test.ts[2m > [22m[2mprojects claimed users from the root namespace
[22m[39m[kernel] snapshot saved to /tmp/monad-me-state-TR4Gcy/snapshot.json


[1m[33m ❯ [39m[22mtests/claimSemanticSeeds.test.ts[2m [queued][22m
[1m[33m ❯ [39m[22mtests/claimsOpenProfile.test.ts[2m 1/1[22m
[1m[33m ❯ [39m[22mtests/Demos/socialGraph.test.ts[2m [queued][22m
[1m[33m ❯ [39m[22mtests/NRP/adaptiveWeights.test.ts[2m 20/20[22m
[1m[33m ❯ [39m[22mtests/persistentClaim.test.ts[2m 0/3[22m
[1m[33m ❯ [39m[22mtests/replayCanonicalization.test.ts[2m 1/2[22m
[1m[33m ❯ [39m[22mtests/rootUsersProjection.test.ts[2m 1/1[22m

[2m Test Files [22m[1m[32m4 passed[39m[22m[90m (26)[39m
[2m      Tests [22m[1m[32m95 passed[39m[22m[90m (99)[39m
[2m   Start at [22m16:34:49
[2m   Duration [22m1.69s
[?2026l[?2026h[K[1A[K[1A[K[1A[K[1A[K[1A[K[1A[K[1A[K[1A[K[1A[K[1A[K[1A[K[1A[K[1A[K [32m✓[39m tests/rootUsersProjection.test.ts[2m > [22mprojects claimed users from the root namespace[33m 757[2mms[22m[39m
[90mstdout[2m | tests/replayCanonicalization.test.ts[2m > [22m[2mcanonical replay memories[2m > [22m[2mreturns semantic claim seeds through the same replay surface
[22m[39m[kernel] snapshot saved to /tmp/monad-me-state-klYZt1/snapshot.json

 [32m✓[39m tests/replayCanonicalization.test.ts[2m > [22mcanonical replay memories[2m > [22mreturns semantic claim seeds through the same replay surface[33m 471[2mms[22m[39m

[1m[33m ❯ [39m[22mtests/appFactory.test.ts[2m [queued][22m
[1m[33m ❯ [39m[22mtests/claimSemanticSeeds.test.ts[2m 0/1[22m
[1m[33m ❯ [39m[22mtests/Demos/socialGraph.test.ts[2m [queued][22m
[1m[33m ❯ [39m[22mtests/NRP/learningLoop.test.ts[2m [queued][22m
[1m[33m ❯ [39m[22mtests/persistentClaim.test.ts[2m 0/3[22m
[1m[33m   └── [39m[22mcreates a signed persistent claim and stores it on disk[1m[33m 253ms[39m[22m
[1m[33m      └── [39m[22mafterEach
[1m[33m ❯ [39m[22mtests/replayCanonicalization.test.ts[2m 2/2[22m
[1m[33m ❯ [39m[22mtests/rootUsersProjection.test.ts[2m 1/1[22m

[2m Test Files [22m[1m[32m6 passed[39m[22m[90m (26)[39m
[2m      Tests [22m[1m[32m96 passed[39m[22m[90m (100)[39m
[2m   Start at [22m16:34:49
[2m   Duration [22m1.79s
[?2026l[?2026h[K[1A[K[1A[K[1A[K[1A[K[1A[K[1A[K[1A[K[1A[K[1A[K[1A[K[1A[K[1A[K[1A[K[1A[K[1A[K[90mstdout[2m | tests/persistentClaim.test.ts[2m > [22m[2mpersistent claims[2m > [22m[2mpreserves an explicit namespace public key and still signs the passport locally
[22m[39m[kernel] snapshot saved to /tmp/monad-me-state-5wLhm9/snapshot.json

 [32m✓[39m tests/persistentClaim.test.ts[2m > [22mpersistent claims[2m > [22mcreates a signed persistent claim and stores it on disk[33m 685[2mms[22m[39m

[1m[33m ❯ [39m[22mtests/appFactory.test.ts[2m [queued][22m
[1m[33m ❯ [39m[22mtests/claimSemanticSeeds.test.ts[2m 0/1[22m
[1m[33m ❯ [39m[22mtests/Demos/socialGraph.test.ts[2m [queued][22m
[1m[33m ❯ [39m[22mtests/NRP/decisionLog.test.ts[2m [queued][22m
[1m[33m ❯ [39m[22mtests/NRP/learningLoop.test.ts[2m 0/37[22m
[1m[33m ❯ [39m[22mtests/NRP/weightHealth.test.ts[2m 0/19[22m
[1m[33m ❯ [39m[22mtests/persistentClaim.test.ts[2m 1/3[22m

[2m Test Files [22m[1m[32m6 passed[39m[22m[90m (26)[39m
[2m      Tests [22m[1m[32m97 passed[39m[22m[90m (156)[39m
[2m   Start at [22m16:34:49
[2m   Duration [22m1.99s
[?2026l[?2026h[K[1A[K[1A[K[1A[K[1A[K[1A[K[1A[K[1A[K[1A[K[1A[K[1A[K[1A[K[1A[K[1A[K [32m✓[39m tests/NRP/decisionLog.test.ts[2m > [22mrecordDecision / correlateOutcome — in-memory[2m > [22mcorrelates without a log path set — no throw[32m 5[2mms[22m[39m
 [32m✓[39m tests/NRP/decisionLog.test.ts[2m > [22mrecordDecision / correlateOutcome — in-memory[2m > [22mcorrelateOutcome on an unknown decisionId is a no-op[32m 0[2mms[22m[39m
 [32m✓[39m tests/NRP/decisionLog.test.ts[2m > [22mrecordDecision / correlateOutcome — in-memory[2m > [22mpending entry is removed after correlation — second call is a no-op[32m 2[2mms[22m[39m
 [32m✓[39m tests/NRP/decisionLog.test.ts[2m > [22mrecordDecision / correlateOutcome — in-memory[2m > [22mconcurrent decisions for the same monad use distinct decisionIds — no collision[32m 2[2mms[22m[39m
 [32m✓[39m tests/NRP/decisionLog.test.ts[2m > [22mrecordDecision / correlateOutcome — in-memory[2m > [22mdifferent monadIds are tracked independently[32m 1[2mms[22m[39m
 [32m✓[39m tests/NRP/decisionLog.test.ts[2m > [22mreward computation[2m > [22mfast success yields reward close to 1[32m 0[2mms[22m[39m
 [32m✓[39m tests/NRP/decisionLog.test.ts[2m > [22mreward computation[2m > [22mmoderate latency success yields intermediate reward (not capped by latency alone)[32m 0[2mms[22m[39m
 [32m✓[39m tests/NRP/decisionLog.test.ts[2m > [22mreward computation[2m > [22msuccess at 5000ms still yields reward 0.7 (quality dominates)[32m 1[2mms[22m[39m
 [32m✓[39m tests/NRP/decisionLog.test.ts[2m > [22mreward computation[2m > [22msuccess beyond 5000ms is still positive — latency clamped, quality wins[32m 1[2mms[22m[39m
 [32m✓[39m tests/NRP/decisionLog.test.ts[2m > [22mreward computation[2m > [22mfailure always yields reward -0.7 regardless of latency (default quality weight)[32m 1[2mms[22m[39m
 [32m✓[39m tests/NRP/decisionLog.test.ts[2m > [22mreward computation[2m > [22mreward is always in [-0.7, 1] for all outcomes with default quality weight[32m 2[2mms[22m[39m
 [32m✓[39m tests/NRP/decisionLog.test.ts[2m > [22mJSONL output[2m > [22mdoes not write when MONAD_DECISION_LOG is unset[32m 0[2mms[22m[39m
 [32m✓[39m tests/NRP/decisionLog.test.ts[2m > [22mJSONL output[2m > [22mwrites a complete entry including decisionId, outcome, latencyMs, reward[32m 1[2mms[22m[39m
 [32m✓[39m tests/NRP/decisionLog.test.ts[2m > [22mJSONL output[2m > [22mpreserves runnerUp field[32m 1[2mms[22m[39m
 [32m✓[39m tests/NRP/decisionLog.test.ts[2m > [22mJSONL output[2m > [22mappends multiple entries — each on its own line[32m 1[2mms[22m[39m
 [32m✓[39m tests/NRP/decisionLog.test.ts[2m > [22medge cases[2m > [22mdoes not throw when log path directory does not exist[32m 0[2mms[22m[39m
[90mstdout[2m | tests/Demos/socialGraph.test.ts[2m > [22m[2mSocial Graph — real namespace over HTTP
[22m[39m[kernel] snapshot saved to /tmp/monad-social-demo-ubkKd1/state/snapshot.json

 [32m✓[39m tests/NRP/weightHealth.test.ts[2m > [22mWeightHealth signals[2m > [22mstable[2m > [22mis true at startup with no updates[32m 4[2mms[22m[39m
 [32m✓[39m tests/NRP/weightHealth.test.ts[2m > [22mWeightHealth signals[2m > [22mstable[2m > [22mis true after negligible shifts (sub-threshold contribution)[32m 0[2mms[22m[39m
 [32m✓[39m tests/NRP/weightHealth.test.ts[2m > [22mWeightHealth signals[2m > [22mstable[2m > [22mbecomes false after a scorer's delta exceeds 5% of its default[32m 1[2mms[22m[39m
 [32m✓[39m tests/NRP/weightHealth.test.ts[2m > [22mWeightHealth signals[2m > [22mhealth.dominantScorer[2m > [22mis null at startup (balanced default weights)[32m 0[2mms[22m[39m
 [32m✓[39m tests/NRP/weightHealth.test.ts[2m > [22mWeightHealth signals[2m > [22mhealth.dominantScorer[2m > [22mfires when one scorer holds > 70% of total weight[32m 4[2mms[22m[39m
 [32m✓[39m tests/NRP/weightHealth.test.ts[2m > [22mWeightHealth signals[2m > [22mhealth.dominantScorer[2m > [22mdoes not fire for other scorers when resonance dominates[32m 64[2mms[22m[39m
 [32m✓[39m tests/NRP/weightHealth.test.ts[2m > [22mWeightHealth signals[2m > [22mhealth.deadScorer[2m > [22mis null at startup[32m 1[2mms[22m[39m
 [32m✓[39m tests/NRP/weightHealth.test.ts[2m > [22mWeightHealth signals[2m > [22mhealth.deadScorer[2m > [22mfires when a scorer weight drops to near WEIGHT_MIN[32m 3[2mms[22m[39m
 [32m✓[39m tests/NRP/weightHealth.test.ts[2m > [22mWeightHealth signals[2m > [22mhealth.deadScorer[2m > [22mdoes not fire when scorer is at default weight[32m 0[2mms[22m[39m
 [32m✓[39m tests/NRP/weightHealth.test.ts[2m > [22mWeightHealth signals[2m > [22mhealth.oscillation[2m > [22mis false at startup (no history)[32m 0[2mms[22m[39m
 [32m✓[39m tests/NRP/weightHealth.test.ts[2m > [22mWeightHealth signals[2m > [22mhealth.oscillation[2m > [22mis false with fewer than 5 updates[32m 0[2mms[22m[39m
 [32m✓[39m tests/NRP/weightHealth.test.ts[2m > [22mWeightHealth signals[2m > [22mhealth.oscillation[2m > [22mfires when reward alternates sign on every step (100% transitions)[32m 0[2mms[22m[39m
 [32m✓[39m tests/NRP/weightHealth.test.ts[2m > [22mWeightHealth signals[2m > [22mhealth.oscillation[2m > [22mis false when reward is consistently positive[32m 0[2mms[22m[39m
 [32m✓[39m tests/NRP/weightHealth.test.ts[2m > [22mWeightHealth signals[2m > [22mhealth.oscillation[2m > [22mis false when reward is consistently negative[32m 2[2mms[22m[39m
 [32m✓[39m tests/NRP/weightHealth.test.ts[2m > [22mWeightHealth signals[2m > [22mhealth.oscillation[2m > [22mis false when fewer than 40% of transitions change sign[32m 1[2mms[22m[39m
 [32m✓[39m tests/NRP/weightHealth.test.ts[2m > [22mWeightHealth signals[2m > [22mhealth.noLearning[2m > [22mis false at startup (fewer than 10 updates)[32m 0[2mms[22m[39m
 [32m✓[39m tests/NRP/weightHealth.test.ts[2m > [22mWeightHealth signals[2m > [22mhealth.noLearning[2m > [22mis false after 9 zero-contribution updates (below threshold count)[32m 1[2mms[22m[39m
 [32m✓[39m tests/NRP/weightHealth.test.ts[2m > [22mWeightHealth signals[2m > [22mhealth.noLearning[2m > [22mfires after 10+ updates where all contributions are zero[32m 1[2mms[22m[39m
 [32m✓[39m tests/NRP/weightHealth.test.ts[2m > [22mWeightHealth signals[2m > [22mhealth.noLearning[2m > [22mis false when weights have moved meaningfully after 10+ updates[32m 1[2mms[22m[39m

[1m[33m ❯ [39m[22mtests/appFactory.test.ts[2m [queued][22m
[1m[33m ❯ [39m[22mtests/claimSemanticSeeds.test.ts[2m 0/1[22m
[1m[33m ❯ [39m[22mtests/Demos/socialGraph.test.ts[2m 0/9[22m
[1m[33m ❯ [39m[22mtests/NRP/decisionLog.test.ts[2m 16/16[22m
[1m[33m ❯ [39m[22mtests/NRP/learningLoop.test.ts[2m 1/37[22m
[1m[33m ❯ [39m[22mtests/NRP/weightHealth.test.ts[2m 19/19[22m
[1m[33m ❯ [39m[22mtests/persistentClaim.test.ts[2m 1/3[22m

[2m Test Files [22m[1m[32m8 passed[39m[22m[90m (26)[39m
[2m      Tests [22m[1m[32m133 passed[39m[22m[90m (181)[39m
[2m   Start at [22m16:34:49
[2m   Duration [22m2.16s
[?2026l[?2026h[K[1A[K[1A[K[1A[K[1A[K[1A[K[1A[K[1A[K[1A[K[1A[K[1A[K[1A[K[1A[K[1A[K [32m✓[39m tests/NRP/learningLoop.test.ts[2m > [22mSection 1 — Gradient step formula[2m > [22ma successful outcome with full contribution increases a scorer weight by exactly α × reward × contribution[32m 7[2mms[22m[39m
 [32m✓[39m tests/NRP/learningLoop.test.ts[2m > [22mSection 1 — Gradient step formula[2m > [22ma failed outcome with full contribution decreases a scorer weight by exactly α × |reward| × contribution[32m 0[2mms[22m[39m
 [32m✓[39m tests/NRP/learningLoop.test.ts[2m > [22mSection 1 — Gradient step formula[2m > [22ma contribution of zero produces no weight change regardless of reward[32m 1[2mms[22m[39m
 [32m✓[39m tests/NRP/learningLoop.test.ts[2m > [22mSection 1 — Gradient step formula[2m > [22ma reward of zero is a complete no-op — updateCount does not increment[32m 0[2mms[22m[39m
 [32m✓[39m tests/NRP/learningLoop.test.ts[2m > [22mSection 1 — Gradient step formula[2m > [22ma NaN reward is a no-op — guards against corrupted signal from external code[32m 0[2mms[22m[39m
 [32m✓[39m tests/NRP/learningLoop.test.ts[2m > [22mSection 1 — Gradient step formula[2m > [22ma NaN contribution is skipped individually — other scorers are still updated[32m 0[2mms[22m[39m
 [32m✓[39m tests/NRP/learningLoop.test.ts[2m > [22mSection 1 — Gradient step formula[2m > [22mthe learning rate parameter controls the step size[32m 0[2mms[22m[39m
 [32m✓[39m tests/NRP/learningLoop.test.ts[2m > [22mSection 2 — Weight floor and recovery[2m > [22mweight never falls below WEIGHT_MIN no matter how many failures accumulate[32m 63[2mms[22m[39m
 [32m✓[39m tests/NRP/learningLoop.test.ts[2m > [22mSection 2 — Weight floor and recovery[2m > [22ma floored scorer recovers with positive rewards[32m 39[2mms[22m[39m
[90mstdout[2m | tests/Demos/socialGraph.test.ts[2m > [22m[2mSocial Graph — real namespace over HTTP[2m > [22m[2mwrites profile fields to jabellae.demo.local and reads them back as leaves
[22m[39m→ POST / host=jabellae.demo.local ns=jabellae.demo.local lens=raw op=write nrp=me://jabellae.demo.local:write/_
[kernel] snapshot saved to /tmp/monad-social-demo-ubkKd1/state/snapshot.json
🧠 New Memory Event:
{
  "id": 202,
  "namespace": "jabellae.demo.local",
  "path": "profile.name",
  "operator": null,
  "data": "J. Abella",
  "hash": "016c2b90",
  "prevHash": "41d2fbc2",
  "signature": null,
  "timestamp": 1780698891647
}

[90mstdout[2m | tests/Demos/socialGraph.test.ts[2m > [22m[2mSocial Graph — real namespace over HTTP[2m > [22m[2mwrites profile fields to jabellae.demo.local and reads them back as leaves
[22m[39m→ POST / host=jabellae.demo.local ns=jabellae.demo.local lens=raw op=write nrp=me://jabellae.demo.local:write/_
[kernel] snapshot saved to /tmp/monad-social-demo-ubkKd1/state/snapshot.json
🧠 New Memory Event:
{
  "id": 204,
  "namespace": "jabellae.demo.local",
  "path": "profile.age",
  "operator": null,
  "data": 28,
  "hash": "93159190",
  "prevHash": "e25b2761",
  "signature": null,
  "timestamp": 1780698891658
}

[90mstdout[2m | tests/Demos/socialGraph.test.ts[2m > [22m[2mSocial Graph — real namespace over HTTP[2m > [22m[2mwrites profile fields to jabellae.demo.local and reads them back as leaves
[22m[39m→ POST / host=jabellae.demo.local ns=jabellae.demo.local lens=raw op=write nrp=me://jabellae.demo.local:write/_
[kernel] snapshot saved to /tmp/monad-social-demo-ubkKd1/state/snapshot.json
🧠 New Memory Event:
{
  "id": 206,
  "namespace": "jabellae.demo.local",
  "path": "profile.city",
  "operator": null,
  "data": "Veracruz",
  "hash": "dae820ae",
  "prevHash": "0ace3949",
  "signature": null,
  "timestamp": 1780698891661
}

[90mstdout[2m | tests/Demos/socialGraph.test.ts[2m > [22m[2mSocial Graph — real namespace over HTTP[2m > [22m[2mwrites profile fields to jabellae.demo.local and reads them back as leaves
[22m[39m→ GET /profile/name host=jabellae.demo.local ns=jabellae.demo.local lens=raw op=read nrp=me://jabellae.demo.local:read/profile.name

[90mstdout[2m | tests/Demos/socialGraph.test.ts[2m > [22m[2mSocial Graph — real namespace over HTTP[2m > [22m[2mwrites profile fields to jabellae.demo.local and reads them back as leaves
[22m[39m→ GET /profile/age host=jabellae.demo.local ns=jabellae.demo.local lens=raw op=read nrp=me://jabellae.demo.local:read/profile.age

[90mstdout[2m | tests/Demos/socialGraph.test.ts[2m > [22m[2mSocial Graph — real namespace over HTTP[2m > [22m[2mwrites profile fields to jabellae.demo.local and reads them back as leaves
[22m[39m→ GET /profile/city host=jabellae.demo.local ns=jabellae.demo.local lens=raw op=read nrp=me://jabellae.demo.local:read/profile.city

[90mstdout[2m | tests/Demos/socialGraph.test.ts[2m > [22m[2mSocial Graph — real namespace over HTTP[2m > [22m[2mreads the entire profile branch as a nested object with one GET
[22m[39m→ GET /profile host=jabellae.demo.local ns=jabellae.demo.local lens=raw op=read nrp=me://jabellae.demo.local:read/profile

[90mstdout[2m | tests/Demos/socialGraph.test.ts[2m > [22m[2mSocial Graph — real namespace over HTTP[2m > [22m[2mwrites the social graph — three contacts with name, age, city
[22m[39m→ POST / host=jabellae.demo.local ns=jabellae.demo.local lens=raw op=write nrp=me://jabellae.demo.local:write/_
[kernel] snapshot saved to /tmp/monad-social-demo-ubkKd1/state/snapshot.json
🧠 New Memory Event:
{
  "id": 212,
  "namespace": "jabellae.demo.local",
  "path": "contacts.ana.name",
  "operator": null,
  "data": "Ana",
  "hash": "643215d1",
  "prevHash": "4e47132e",
  "signature": null,
  "timestamp": 1780698891677
}

[90mstdout[2m | tests/Demos/socialGraph.test.ts[2m > [22m[2mSocial Graph — real namespace over HTTP[2m > [22m[2mwrites the social graph — three contacts with name, age, city
[22m[39m→ POST / host=jabellae.demo.local ns=jabellae.demo.local lens=raw op=write nrp=me://jabellae.demo.local:write/_
[kernel] snapshot saved to /tmp/monad-social-demo-ubkKd1/state/snapshot.json
🧠 New Memory Event:
{
  "id": 214,
  "namespace": "jabellae.demo.local",
  "path": "contacts.ana.age",
  "operator": null,
  "data": 22,
  "hash": "c33c4bdb",
  "prevHash": "bb833fa2",
  "signature": null,
  "timestamp": 1780698891679
}

[90mstdout[2m | tests/Demos/socialGraph.test.ts[2m > [22m[2mSocial Graph — real namespace over HTTP[2m > [22m[2mwrites the social graph — three contacts with name, age, city
[22m[39m→ POST / host=jabellae.demo.local ns=jabellae.demo.local lens=raw op=write nrp=me://jabellae.demo.local:write/_
[kernel] snapshot saved to /tmp/monad-social-demo-ubkKd1/state/snapshot.json
🧠 New Memory Event:
{
  "id": 216,
  "namespace": "jabellae.demo.local",
  "path": "contacts.ana.city",
  "operator": null,
  "data": "CDMX",
  "hash": "10002c5b",
  "prevHash": "5328dbc8",
  "signature": null,
  "timestamp": 1780698891682
}

[90mstdout[2m | tests/Demos/socialGraph.test.ts[2m > [22m[2mSocial Graph — real namespace over HTTP[2m > [22m[2mwrites the social graph — three contacts with name, age, city
[22m[39m→ POST / host=jabellae.demo.local ns=jabellae.demo.local lens=raw op=write nrp=me://jabellae.demo.local:write/_
[kernel] snapshot saved to /tmp/monad-social-demo-ubkKd1/state/snapshot.json
🧠 New Memory Event:
{
  "id": 218,
  "namespace": "jabellae.demo.local",
  "path": "contacts.pablo.name",
  "operator": null,
  "data": "Pablo",
  "hash": "a4346190",
  "prevHash": "8ed5a6b1",
  "signature": null,
  "timestamp": 1780698891684
}

[90mstdout[2m | tests/Demos/socialGraph.test.ts[2m > [22m[2mSocial Graph — real namespace over HTTP[2m > [22m[2mwrites the social graph — three contacts with name, age, city
[22m[39m→ POST / host=jabellae.demo.local ns=jabellae.demo.local lens=raw op=write nrp=me://jabellae.demo.local:write/_
[kernel] snapshot saved to /tmp/monad-social-demo-ubkKd1/state/snapshot.json
🧠 New Memory Event:
{
  "id": 220,
  "namespace": "jabellae.demo.local",
  "path": "contacts.pablo.age",
  "operator": null,
  "data": 17,
  "hash": "6676269a",
  "prevHash": "f82f03fa",
  "signature": null,
  "timestamp": 1780698891689
}

[90mstdout[2m | tests/Demos/socialGraph.test.ts[2m > [22m[2mSocial Graph — real namespace over HTTP[2m > [22m[2mwrites the social graph — three contacts with name, age, city
[22m[39m→ POST / host=jabellae.demo.local ns=jabellae.demo.local lens=raw op=write nrp=me://jabellae.demo.local:write/_
[kernel] snapshot saved to /tmp/monad-social-demo-ubkKd1/state/snapshot.json
🧠 New Memory Event:
{
  "id": 222,
  "namespace": "jabellae.demo.local",
  "path": "contacts.pablo.city",
  "operator": null,
  "data": "Monterrey",
  "hash": "eb58a06c",
  "prevHash": "225f4a4f",
  "signature": null,
  "timestamp": 1780698891694
}

[90mstdout[2m | tests/Demos/socialGraph.test.ts[2m > [22m[2mSocial Graph — real namespace over HTTP[2m > [22m[2mwrites the social graph — three contacts with name, age, city
[22m[39m→ POST / host=jabellae.demo.local ns=jabellae.demo.local lens=raw op=write nrp=me://jabellae.demo.local:write/_
[kernel] snapshot saved to /tmp/monad-social-demo-ubkKd1/state/snapshot.json
🧠 New Memory Event:
{
  "id": 224,
  "namespace": "jabellae.demo.local",
  "path": "contacts.luisa.name",
  "operator": null,
  "data": "Luisa",
  "hash": "b4e6e17b",
  "prevHash": "30045a9c",
  "signature": null,
  "timestamp": 1780698891698
}

[90mstdout[2m | tests/Demos/socialGraph.test.ts[2m > [22m[2mSocial Graph — real namespace over HTTP[2m > [22m[2mwrites the social graph — three contacts with name, age, city
[22m[39m→ POST / host=jabellae.demo.local ns=jabellae.demo.local lens=raw op=write nrp=me://jabellae.demo.local:write/_
[kernel] snapshot saved to /tmp/monad-social-demo-ubkKd1/state/snapshot.json
🧠 New Memory Event:
{
  "id": 226,
  "namespace": "jabellae.demo.local",
  "path": "contacts.luisa.age",
  "operator": null,
  "data": 31,
  "hash": "a66aa945",
  "prevHash": "9a474afe",
  "signature": null,
  "timestamp": 1780698891704
}

[90mstdout[2m | tests/Demos/socialGraph.test.ts[2m > [22m[2mSocial Graph — real namespace over HTTP[2m > [22m[2mwrites the social graph — three contacts with name, age, city
[22m[39m→ POST / host=jabellae.demo.local ns=jabellae.demo.local lens=raw op=write nrp=me://jabellae.demo.local:write/_
[kernel] snapshot saved to /tmp/monad-social-demo-ubkKd1/state/snapshot.json
🧠 New Memory Event:
{
  "id": 228,
  "namespace": "jabellae.demo.local",
  "path": "contacts.luisa.city",
  "operator": null,
  "data": "Xalapa",
  "hash": "26a88816",
  "prevHash": "bcb819ab",
  "signature": null,
  "timestamp": 1780698891709
}

[90mstdout[2m | tests/Demos/socialGraph.test.ts[2m > [22m[2mSocial Graph — real namespace over HTTP[2m > [22m[2mwrites the social graph — three contacts with name, age, city
[22m[39m→ POST / host=jabellae.demo.local ns=jabellae.demo.local lens=raw op=write nrp=me://jabellae.demo.local:write/_
[kernel] snapshot saved to /tmp/monad-social-demo-ubkKd1/state/snapshot.json
🧠 New Memory Event:
{
  "id": 230,
  "namespace": "jabellae.demo.local",
  "path": "friends.ana",
  "operator": null,
  "data": {
    "__ptr": "contacts.ana"
  },
  "hash": "75e6c091",
  "prevHash": "eeb1aa32",
  "signature": null,
  "timestamp": 1780698891713
}

[90mstdout[2m | tests/claimSemanticSeeds.test.ts[2m > [22m[2mclaim semantic seeds[2m > [22m[2mseeds keys and polls.studio categories for a claimed namespace
[22m[39m[kernel] snapshot saved to /tmp/monad-me-state-VrLwuJ/snapshot.json

 [32m✓[39m tests/claimSemanticSeeds.test.ts[2m > [22mclaim semantic seeds[2m > [22mseeds keys and polls.studio categories for a claimed namespace[33m 441[2mms[22m[39m
 [32m✓[39m tests/NRP/learningLoop.test.ts[2m > [22mSection 2 — Weight floor and recovery[2m > [22mall three scorers can be floored and they are all individually clamped[32m 5[2mms[22m[39m
 [32m✓[39m tests/NRP/learningLoop.test.ts[2m > [22mSection 3 — updateCount accounting[2m > [22mstarts at zero with no updates[32m 0[2mms[22m[39m
 [32m✓[39m tests/NRP/learningLoop.test.ts[2m > [22mSection 3 — updateCount accounting[2m > [22mincrements by exactly 1 for each non-zero reward update[32m 0[2mms[22m[39m
 [32m✓[39m tests/NRP/learningLoop.test.ts[2m > [22mSection 3 — updateCount accounting[2m > [22mdoes NOT increment when reward is zero (the update is skipped entirely)[32m 0[2mms[22m[39m
 [32m✓[39m tests/NRP/learningLoop.test.ts[2m > [22mSection 3 — updateCount accounting[2m > [22mdoes NOT increment when reward is NaN (the update is skipped entirely)[32m 0[2mms[22m[39m
 [32m✓[39m tests/NRP/learningLoop.test.ts[2m > [22mSection 3 — updateCount accounting[2m > [22mcounts 10 updates correctly after 10 calls[32m 0[2mms[22m[39m
 [32m✓[39m tests/NRP/learningLoop.test.ts[2m > [22mSection 4 — Reward formula (end-to-end via correlateOutcome)[2m > [22mfast success (0 ms) produces reward = 1.0 → resonance increases by exactly 0.01[32m 0[2mms[22m[39m
 [32m✓[39m tests/NRP/learningLoop.test.ts[2m > [22mSection 4 — Reward formula (end-to-end via correlateOutcome)[2m > [22mmedium success (2500 ms) produces reward = 0.85 → resonance increases by exactly 0.0085[32m 0[2mms[22m[39m
 [32m✓[39m tests/NRP/learningLoop.test.ts[2m > [22mSection 4 — Reward formula (end-to-end via correlateOutcome)[2m > [22mslow success (5000 ms) produces reward = 0.70 → resonance increases by exactly 0.007[32m 0[2mms[22m[39m
 [32m✓[39m tests/NRP/learningLoop.test.ts[2m > [22mSection 4 — Reward formula (end-to-end via correlateOutcome)[2m > [22mvery slow success (10000 ms) still produces reward = 0.70 — latency term floors at zero[32m 0[2mms[22m[39m
 [32m✓[39m tests/NRP/learningLoop.test.ts[2m > [22mSection 4 — Reward formula (end-to-end via correlateOutcome)[2m > [22mfailure produces reward = −0.70 regardless of latency → resonance decreases by exactly 0.007[32m 0[2mms[22m[39m
 [32m✓[39m tests/NRP/learningLoop.test.ts[2m > [22mSection 4 — Reward formula (end-to-end via correlateOutcome)[2m > [22mfailure at high latency still produces reward = −0.70 — no additional penalty for slow failures[32m 0[2mms[22m[39m
 [32m✓[39m tests/NRP/learningLoop.test.ts[2m > [22mSection 5 — Full pipeline integration[2m > [22ma successful forward shifts all three scorer weights in the positive direction[32m 0[2mms[22m[39m
 [32m✓[39m tests/NRP/learningLoop.test.ts[2m > [22mSection 5 — Full pipeline integration[2m > [22ma failed forward shifts all three scorer weights in the negative direction[32m 0[2mms[22m[39m
 [32m✓[39m tests/NRP/learningLoop.test.ts[2m > [22mSection 5 — Full pipeline integration[2m > [22mcorrelating an unknown decisionId is a safe no-op — weights are unchanged[32m 0[2mms[22m[39m
 [32m✓[39m tests/NRP/learningLoop.test.ts[2m > [22mSection 5 — Full pipeline integration[2m > [22mcorrelating the same decisionId twice is a no-op on the second call[32m 0[2mms[22m[39m
 [32m✓[39m tests/NRP/learningLoop.test.ts[2m > [22mSection 5 — Full pipeline integration[2m > [22man empty breakdown does not update weights — the guard prevents no-op iterations[32m 0[2mms[22m[39m
 [32m✓[39m tests/NRP/learningLoop.test.ts[2m > [22mSection 5 — Full pipeline integration[2m > [22mmultiple sequential decisions update weights cumulatively and independently[32m 0[2mms[22m[39m
 [32m✓[39m tests/NRP/learningLoop.test.ts[2m > [22mSection 6 — Convergence over many requests[2m > [22m10 consecutive fast successes with full resonance contribution accumulate exactly[32m 0[2mms[22m[39m
 [32m✓[39m tests/NRP/learningLoop.test.ts[2m > [22mSection 6 — Convergence over many requests[2m > [22mconsistent failures push a scorer toward its floor from the default weight[32m 1[2mms[22m[39m
 [32m✓[39m tests/NRP/learningLoop.test.ts[2m > [22mSection 6 — Convergence over many requests[2m > [22mpositive outcomes for resonance shift the routing preference toward resonance-heavy nodes[32m 0[2mms[22m[39m
 [32m✓[39m tests/NRP/learningLoop.test.ts[2m > [22mSection 6 — Convergence over many requests[2m > [22mthe delta report accurately reflects cumulative learning[32m 0[2mms[22m[39m
 [32m✓[39m tests/NRP/learningLoop.test.ts[2m > [22mSection 7 — Health signals during learning[2m > [22mnoLearning is false after 10 updates with real contribution (weights moved)[32m 0[2mms[22m[39m
 [32m✓[39m tests/NRP/learningLoop.test.ts[2m > [22mSection 7 — Health signals during learning[2m > [22mnoLearning fires after 10 updates where all contributions were zero[32m 0[2mms[22m[39m
 [32m✓[39m tests/NRP/learningLoop.test.ts[2m > [22mSection 7 — Health signals during learning[2m > [22moscillation is false during consistent success traffic[32m 0[2mms[22m[39m
 [32m✓[39m tests/NRP/learningLoop.test.ts[2m > [22mSection 7 — Health signals during learning[2m > [22moscillation fires when reward alternates success/failure on every step[32m 0[2mms[22m[39m
 [32m✓[39m tests/NRP/learningLoop.test.ts[2m > [22mSection 7 — Health signals during learning[2m > [22mstable is true before any learning (all deltas are within 5% of defaults)[32m 0[2mms[22m[39m
 [32m✓[39m tests/NRP/learningLoop.test.ts[2m > [22mSection 7 — Health signals during learning[2m > [22mstable becomes false after meaningful learning (delta > 5% of default)[32m 0[2mms[22m[39m

[1m[33m ❯ [39m[22mtests/appFactory.test.ts[2m 0/2[22m
[1m[33m ❯ [39m[22mtests/claimSemanticSeeds.test.ts[2m 1/1[22m
[1m[33m ❯ [39m[22mtests/Demos/socialGraph.test.ts[2m 1/9[22m
[1m[33m ❯ [39m[22mtests/hostProjection.test.ts[2m 0/1[22m
[1m[33m ❯ [39m[22mtests/NRP/learningLoop.test.ts[2m 37/37[22m
[1m[33m ❯ [39m[22mtests/NRP/monadIndex.test.ts[2m [queued][22m
[1m[33m ❯ [39m[22mtests/persistentClaim.test.ts[2m 1/3[22m
[1m[33m   └── [39m[22mpreserves an explicit namespace public key and still signs the passport locally[1m[33m 309ms[39m[22m
[1m[33m      └── [39m[22mafterEach

[2m Test Files [22m[1m[32m10 passed[39m[22m[90m (26)[39m
[2m      Tests [22m[1m[32m171 passed[39m[22m[90m (184)[39m
[2m   Start at [22m16:34:49
[2m   Duration [22m2.26s
[?2026l[?2026h[K[1A[K[1A[K[1A[K[1A[K[1A[K[1A[K[1A[K[1A[K[1A[K[1A[K[1A[K[1A[K[1A[K[1A[K[1A[K [32m✓[39m tests/Demos/socialGraph.test.ts[2m > [22mSocial Graph — real namespace over HTTP[2m > [22mwrites profile fields to jabellae.demo.local and reads them back as leaves[32m 41[2mms[22m[39m
 [32m✓[39m tests/Demos/socialGraph.test.ts[2m > [22mSocial Graph — real namespace over HTTP[2m > [22mreads the entire profile branch as a nested object with one GET[32m 2[2mms[22m[39m
[90mstdout[2m | tests/Demos/socialGraph.test.ts[2m > [22m[2mSocial Graph — real namespace over HTTP[2m > [22m[2mwrites the social graph — three contacts with name, age, city
[22m[39m→ POST / host=jabellae.demo.local ns=jabellae.demo.local lens=raw op=write nrp=me://jabellae.demo.local:write/_
[kernel] snapshot saved to /tmp/monad-social-demo-ubkKd1/state/snapshot.json
🧠 New Memory Event:
{
  "id": 232,
  "namespace": "jabellae.demo.local",
  "path": "friends.pablo",
  "operator": null,
  "data": {
    "__ptr": "contacts.pablo"
  },
  "hash": "b01edcef",
  "prevHash": "22e2392a",
  "signature": null,
  "timestamp": 1780698891878
}

[90mstdout[2m | tests/Demos/socialGraph.test.ts[2m > [22m[2mSocial Graph — real namespace over HTTP[2m > [22m[2mwrites the social graph — three contacts with name, age, city
[22m[39m→ POST / host=jabellae.demo.local ns=jabellae.demo.local lens=raw op=write nrp=me://jabellae.demo.local:write/_
[kernel] snapshot saved to /tmp/monad-social-demo-ubkKd1/state/snapshot.json
🧠 New Memory Event:
{
  "id": 234,
  "namespace": "jabellae.demo.local",
  "path": "friends.luisa",
  "operator": null,
  "data": {
    "__ptr": "contacts.luisa"
  },
  "hash": "3f09d336",
  "prevHash": "1b37e676",
  "signature": null,
  "timestamp": 1780698891883
}

[90mstdout[2m | tests/Demos/socialGraph.test.ts[2m > [22m[2mSocial Graph — real namespace over HTTP[2m > [22m[2mwrites the social graph — three contacts with name, age, city
[22m[39m→ GET /contacts/luisa/city host=jabellae.demo.local ns=jabellae.demo.local lens=raw op=read nrp=me://jabellae.demo.local:read/contacts.luisa.city

[90mstdout[2m | tests/appFactory.test.ts[2m > [22m[2mcreateMonadApp[2m > [22m[2mcreates an Express app without binding a port
[22m[39m[kernel] snapshot saved to /tmp/monad-app-factory-xLkJWN/me-state/snapshot.json

[90mstdout[2m | tests/Demos/socialGraph.test.ts[2m > [22m[2mSocial Graph — real namespace over HTTP[2m > [22m[2mreads contacts.ana as a complete branch object — name + age + city in one GET
[22m[39m→ GET /contacts/ana host=jabellae.demo.local ns=jabellae.demo.local lens=raw op=read nrp=me://jabellae.demo.local:read/contacts.ana

[90mstdout[2m | tests/Demos/socialGraph.test.ts[2m > [22m[2mSocial Graph — real namespace over HTTP[2m > [22m[2mreads contacts.pablo as a complete branch object
[22m[39m→ GET /contacts/pablo host=jabellae.demo.local ns=jabellae.demo.local lens=raw op=read nrp=me://jabellae.demo.local:read/contacts.pablo

[90mstdout[2m | tests/Demos/socialGraph.test.ts[2m > [22m[2mSocial Graph — real namespace over HTTP[2m > [22m[2mreads a friend pointer — friends.luisa returns the __ptr reference marker
[22m[39m→ GET /friends/luisa host=jabellae.demo.local ns=jabellae.demo.local lens=raw op=read nrp=me://jabellae.demo.local:read/friends.luisa

 [32m✓[39m tests/appFactory.test.ts[2m > [22mcreateMonadApp[2m > [22mcreates an Express app without binding a port[32m 101[2mms[22m[39m
 [32m✓[39m tests/appFactory.test.ts[2m > [22mcreateMonadApp[2m > [22mvalidates SEED when the factory bootstraps, not at import time[32m 4[2mms[22m[39m
[90mstdout[2m | tests/Demos/socialGraph.test.ts[2m > [22m[2mSocial Graph — real namespace over HTTP[2m > [22m[2mjabellae's graph data is not visible from ana.demo.local — namespaces are isolated
[22m[39m→ POST / host=ana.demo.local ns=ana.demo.local lens=raw op=write nrp=me://ana.demo.local:write/_
[kernel] snapshot saved to /tmp/monad-social-demo-ubkKd1/state/snapshot.json
🧠 New Memory Event:
{
  "id": 240,
  "namespace": "ana.demo.local",
  "path": "profile.name",
  "operator": null,
  "data": "Ana Gonzalez",
  "hash": "3d82de28",
  "prevHash": "6e30148e",
  "signature": null,
  "timestamp": 1780698891914
}

[90mstdout[2m | tests/Demos/socialGraph.test.ts[2m > [22m[2mSocial Graph — real namespace over HTTP[2m > [22m[2mjabellae's graph data is not visible from ana.demo.local — namespaces are isolated
[22m[39m→ POST / host=ana.demo.local ns=ana.demo.local lens=raw op=write nrp=me://ana.demo.local:write/_
[kernel] snapshot saved to /tmp/monad-social-demo-ubkKd1/state/snapshot.json
🧠 New Memory Event:
{
  "id": 242,
  "namespace": "ana.demo.local",
  "path": "profile.city",
  "operator": null,
  "data": "CDMX",
  "hash": "22c0ec02",
  "prevHash": "d309306c",
  "signature": null,
  "timestamp": 1780698891919
}

[90mstdout[2m | tests/Demos/socialGraph.test.ts[2m > [22m[2mSocial Graph — real namespace over HTTP[2m > [22m[2mjabellae's graph data is not visible from ana.demo.local — namespaces are isolated
[22m[39m→ GET /profile/name host=ana.demo.local ns=ana.demo.local lens=raw op=read nrp=me://ana.demo.local:read/profile.name

[90mstdout[2m | tests/Demos/socialGraph.test.ts[2m > [22m[2mSocial Graph — real namespace over HTTP[2m > [22m[2mjabellae's graph data is not visible from ana.demo.local — namespaces are isolated
[22m[39m→ GET /profile/name host=jabellae.demo.local ns=jabellae.demo.local lens=raw op=read nrp=me://jabellae.demo.local:read/profile.name

[90mstdout[2m | tests/Demos/socialGraph.test.ts[2m > [22m[2mSocial Graph — real namespace over HTTP[2m > [22m[2mjabellae's graph data is not visible from ana.demo.local — namespaces are isolated
[22m[39m→ GET /contacts/pablo/name host=ana.demo.local ns=ana.demo.local lens=raw op=read nrp=me://ana.demo.local:read/contacts.pablo.name

[90mstdout[2m | tests/Demos/socialGraph.test.ts[2m > [22m[2mSocial Graph — real namespace over HTTP[2m > [22m[2mevery GET response carries a correctly formed NRP envelope
[22m[39m→ GET /profile/name host=jabellae.demo.local ns=jabellae.demo.local lens=raw op=read nrp=me://jabellae.demo.local:read/profile.name

[90mstdout[2m | tests/Demos/socialGraph.test.ts[2m > [22m[2mSocial Graph — real namespace over HTTP[2m > [22m[2mreads the entire contacts branch — all three friends as a nested object
[22m[39m→ GET /contacts host=jabellae.demo.local ns=jabellae.demo.local lens=raw op=read nrp=me://jabellae.demo.local:read/contacts

 [32m✓[39m tests/Demos/socialGraph.test.ts[2m > [22mSocial Graph — real namespace over HTTP[2m > [22mwrites the social graph — three contacts with name, age, city[32m 225[2mms[22m[39m
 [32m✓[39m tests/Demos/socialGraph.test.ts[2m > [22mSocial Graph — real namespace over HTTP[2m > [22mreads contacts.ana as a complete branch object — name + age + city in one GET[32m 6[2mms[22m[39m
 [32m✓[39m tests/Demos/socialGraph.test.ts[2m > [22mSocial Graph — real namespace over HTTP[2m > [22mreads contacts.pablo as a complete branch object[32m 3[2mms[22m[39m
 [32m✓[39m tests/Demos/socialGraph.test.ts[2m > [22mSocial Graph — real namespace over HTTP[2m > [22mreads a friend pointer — friends.luisa returns the __ptr reference marker[32m 3[2mms[22m[39m
 [32m✓[39m tests/Demos/socialGraph.test.ts[2m > [22mSocial Graph — real namespace over HTTP[2m > [22mjabellae's graph data is not visible from ana.demo.local — namespaces are isolated[32m 15[2mms[22m[39m
 [32m✓[39m tests/Demos/socialGraph.test.ts[2m > [22mSocial Graph — real namespace over HTTP[2m > [22mevery GET response carries a correctly formed NRP envelope[32m 2[2mms[22m[39m
 [32m✓[39m tests/Demos/socialGraph.test.ts[2m > [22mSocial Graph — real namespace over HTTP[2m > [22mreads the entire contacts branch — all three friends as a nested object[32m 2[2mms[22m[39m

[1m[33m ❯ [39m[22mtests/appFactory.test.ts[2m 2/2[22m
[1m[33m ❯ [39m[22mtests/Demos/socialGraph.test.ts[2m 9/9[22m
[1m[33m ❯ [39m[22mtests/hostProjection.test.ts[2m 0/1[22m
[1m[33m ❯ [39m[22mtests/NRP/meshAnnounce.test.ts[2m [queued][22m
[1m[33m ❯ [39m[22mtests/NRP/monadIndex.test.ts[2m [queued][22m
[1m[33m ❯ [39m[22mtests/persistentClaim.test.ts[2m 1/3[22m
[1m[33m   └── [39m[22mpreserves an explicit namespace public key and still signs the passport locally[1m[33m 409ms[39m[22m
[1m[33m      └── [39m[22mafterEach
[1m[33m ❯ [39m[22mtests/semanticBootstrap.test.ts[2m [queued][22m

[2m Test Files [22m[1m[32m12 passed[39m[22m[90m (26)[39m
[2m      Tests [22m[1m[32m181 passed[39m[22m[90m (184)[39m
[2m   Start at [22m16:34:49
[2m   Duration [22m2.36s
[?2026l[?2026h[K[1A[K[1A[K[1A[K[1A[K[1A[K[1A[K[1A[K[1A[K[1A[K[1A[K[1A[K[1A[K[1A[K[1A[K[1A[K [32m✓[39m tests/persistentClaim.test.ts[2m > [22mpersistent claims[2m > [22mpreserves an explicit namespace public key and still signs the passport locally[33m 414[2mms[22m[39m
 [32m✓[39m tests/persistentClaim.test.ts[2m > [22mpersistent claims[2m > [22mrejects mismatched private/public key pairs[33m 482[2mms[22m[39m
 [32m✓[39m tests/hostProjection.test.ts[2m > [22mprojects relative host memories inside the user namespace[32m 196[2mms[22m[39m
[90mstdout[2m | tests/NRP/monadIndex.test.ts[2m > [22m[2mseedSelfMonadIndexEntry identity link[2m > [22m[2mstores the root .me identity_hash derived from SEED
[22m[39m[kernel] snapshot saved to /tmp/monad-nrp-idx-lnE7c7/snapshot.json

[90mstdout[2m | tests/NRP/monadIndex.test.ts[2m > [22m[2mseedSelfMonadIndexEntry identity link[2m > [22m[2mpreserves an existing identity_hash when a legacy config has no seed
[22m[39m[kernel] snapshot saved to /tmp/monad-nrp-idx-0fScqR/snapshot.json


[1m[33m ❯ [39m[22mtests/Demos/socialGraph.test.ts[2m 9/9[22m
[1m[33m ❯ [39m[22mtests/hostProjection.test.ts[2m 1/1[22m
[1m[33m ❯ [39m[22mtests/NRP/meshAnnounce.test.ts[2m [queued][22m
[1m[33m ❯ [39m[22mtests/NRP/monadIndex.test.ts[2m 0/16[22m
[1m[33m ❯ [39m[22mtests/persistentClaim.test.ts[2m 3/3[22m
[1m[33m ❯ [39m[22mtests/semanticBootstrap.test.ts[2m 0/1[22m
[1m[33m ❯ [39m[22mtests/usageLedger.test.ts[2m [queued][22m

[2m Test Files [22m[1m[32m14 passed[39m[22m[90m (26)[39m
[2m      Tests [22m[1m[32m184 passed[39m[22m[90m (201)[39m
[2m   Start at [22m16:34:49
[2m   Duration [22m2.46s
[?2026l[?2026h[K[1A[K[1A[K[1A[K[1A[K[1A[K[1A[K[1A[K[1A[K[1A[K[1A[K[1A[K[1A[K[1A[K[90mstdout[2m | tests/NRP/monadIndex.test.ts[2m > [22m[2mannounceClaimedNamespaces[2m > [22m[2mmerges new namespaces without duplicates
[22m[39m[kernel] snapshot saved to /tmp/monad-nrp-idx-BaklDa/snapshot.json

 [32m✓[39m tests/NRP/monadIndex.test.ts[2m > [22mwrite / read[2m > [22mroundtrips an entry[32m 8[2mms[22m[39m
 [32m✓[39m tests/NRP/monadIndex.test.ts[2m > [22mwrite / read[2m > [22mreturns undefined for unknown id[32m 1[2mms[22m[39m
 [32m✓[39m tests/NRP/monadIndex.test.ts[2m > [22mwrite / read[2m > [22moverwrites with the latest write[32m 3[2mms[22m[39m
 [32m✓[39m tests/NRP/monadIndex.test.ts[2m > [22mseedSelfMonadIndexEntry identity link[2m > [22mstores the root .me identity_hash derived from SEED[32m 3[2mms[22m[39m
 [32m✓[39m tests/NRP/monadIndex.test.ts[2m > [22mseedSelfMonadIndexEntry identity link[2m > [22mpreserves an existing identity_hash when a legacy config has no seed[32m 2[2mms[22m[39m
 [32m✓[39m tests/NRP/monadIndex.test.ts[2m > [22mlistMonadIndex ordering[2m > [22msorts by last_seen descending[32m 6[2mms[22m[39m
 [32m✓[39m tests/NRP/monadIndex.test.ts[2m > [22mlistMonadIndex ordering[2m > [22muses name as alphabetical tie-breaker when last_seen is equal[32m 8[2mms[22m[39m
 [32m✓[39m tests/NRP/monadIndex.test.ts[2m > [22mfindMonadsForNamespace[2m > [22mmatches by primary namespace[32m 1[2mms[22m[39m
 [32m✓[39m tests/NRP/monadIndex.test.ts[2m > [22mfindMonadsForNamespace[2m > [22mmatches by claimed_namespaces[32m 16[2mms[22m[39m
 [32m✓[39m tests/NRP/monadIndex.test.ts[2m > [22mfindMonadsForNamespace[2m > [22mis case-insensitive[32m 1[2mms[22m[39m
 [32m✓[39m tests/NRP/monadIndex.test.ts[2m > [22mfindMonadsForNamespace[2m > [22mreturns empty for unknown namespace[32m 1[2mms[22m[39m
 [32m✓[39m tests/NRP/monadIndex.test.ts[2m > [22mfindMonadByName[2m > [22mfinds by name (case-insensitive)[32m 2[2mms[22m[39m
 [32m✓[39m tests/NRP/monadIndex.test.ts[2m > [22mfindMonadByName[2m > [22mfinds by monad_id exact match[32m 2[2mms[22m[39m
 [32m✓[39m tests/NRP/monadIndex.test.ts[2m > [22mfindMonadByName[2m > [22mreturns undefined when not found[32m 2[2mms[22m[39m
 [32m✓[39m tests/NRP/monadIndex.test.ts[2m > [22mannounceClaimedNamespaces[2m > [22mmerges new namespaces without duplicates[32m 1[2mms[22m[39m
 [32m✓[39m tests/NRP/monadIndex.test.ts[2m > [22mannounceClaimedNamespaces[2m > [22mis a no-op for unknown monad_id[32m 1[2mms[22m[39m
 [32m✓[39m tests/semanticBootstrap.test.ts[2m > [22mseeds only root schema roles into semantic memories[32m 88[2mms[22m[39m

[1m[33m ❯ [39m[22mtests/hostProjection.test.ts[2m 1/1[22m
[1m[33m ❯ [39m[22mtests/NRP/meshAnnounce.test.ts[2m [queued][22m
[1m[33m ❯ [39m[22mtests/NRP/monadIndex.test.ts[2m 16/16[22m
[1m[33m ❯ [39m[22mtests/NRP/patchBay.test.ts[2m 0/25[22m
[1m[33m ❯ [39m[22mtests/selfMapping.test.ts[2m [queued][22m
[1m[33m ❯ [39m[22mtests/semanticBootstrap.test.ts[2m 1/1[22m
[1m[33m ❯ [39m[22mtests/usageLedger.test.ts[2m 0/24[22m

[2m Test Files [22m[1m[32m16 passed[39m[22m[90m (26)[39m
[2m      Tests [22m[1m[32m201 passed[39m[22m[90m (250)[39m
[2m   Start at [22m16:34:49
[2m   Duration [22m2.67s
[?2026l[?2026h[K[1A[K[1A[K[1A[K[1A[K[1A[K[1A[K[1A[K[1A[K[1A[K[1A[K[1A[K[1A[K[1A[K [32m✓[39m tests/NRP/patchBay.test.ts[2m > [22mpatchBay — registration and storage[2m > [22mstarts empty[32m 5[2mms[22m[39m
 [32m✓[39m tests/NRP/patchBay.test.ts[2m > [22mpatchBay — registration and storage[2m > [22mregisterPatch stores a patch and readPatchBay returns it[32m 1[2mms[22m[39m
 [32m✓[39m tests/NRP/patchBay.test.ts[2m > [22mpatchBay — registration and storage[2m > [22mauto-generates output name when out is omitted[32m 0[2mms[22m[39m
 [32m✓[39m tests/NRP/patchBay.test.ts[2m > [22mpatchBay — registration and storage[2m > [22mmultiple patches coexist[32m 0[2mms[22m[39m
 [32m✓[39m tests/NRP/patchBay.test.ts[2m > [22mpatchBay — registration and storage[2m > [22mregistering same name overwrites the previous entry[32m 0[2mms[22m[39m
 [32m✓[39m tests/NRP/patchBay.test.ts[2m > [22mpatchBay — registration and storage[2m > [22munregisterPatch removes an entry[32m 0[2mms[22m[39m
 [32m✓[39m tests/NRP/patchBay.test.ts[2m > [22mpatchBay — registration and storage[2m > [22munregisterPatch is a no-op for unknown names[32m 0[2mms[22m[39m
 [32m✓[39m tests/NRP/patchBay.test.ts[2m > [22mpatchBay — getPatchScorers materializes Scorers[2m > [22mreturns an empty array when no patches are registered[32m 0[2mms[22m[39m
 [32m✓[39m tests/NRP/patchBay.test.ts[2m > [22mpatchBay — getPatchScorers materializes Scorers[2m > [22mreturned scorer has the correct name and defaultWeight[32m 0[2mms[22m[39m
 [32m✓[39m tests/NRP/patchBay.test.ts[2m > [22mpatchBay — getPatchScorers materializes Scorers[2m > [22mdefaults defaultWeight to 0.1 when not specified[32m 0[2mms[22m[39m
 [32m✓[39m tests/NRP/patchBay.test.ts[2m > [22mpatchBay — getPatchScorers materializes Scorers[2m > [22munknown input name resolves to 0 without throwing[32m 0[2mms[22m[39m
 [32m✓[39m tests/NRP/patchBay.test.ts[2m > [22mpatchBay — op correctness[2m > [22mmultiply: product of inputs[32m 0[2mms[22m[39m
 [32m✓[39m tests/NRP/patchBay.test.ts[2m > [22mpatchBay — op correctness[2m > [22mmultiply: three-way product[32m 0[2mms[22m[39m
 [32m✓[39m tests/NRP/patchBay.test.ts[2m > [22mpatchBay — op correctness[2m > [22madd: sum clamped to 1[32m 0[2mms[22m[39m
 [32m✓[39m tests/NRP/patchBay.test.ts[2m > [22mpatchBay — op correctness[2m > [22madd: partial sum stays below 1[32m 0[2mms[22m[39m
 [32m✓[39m tests/NRP/patchBay.test.ts[2m > [22mpatchBay — op correctness[2m > [22mmin: returns weakest input[32m 0[2mms[22m[39m
 [32m✓[39m tests/NRP/patchBay.test.ts[2m > [22mpatchBay — op correctness[2m > [22mmax: returns strongest input[32m 0[2mms[22m[39m
 [32m✓[39m tests/NRP/patchBay.test.ts[2m > [22mpatchBay — op correctness[2m > [22mgate: passes inputs[1] when inputs[0] >= threshold[32m 0[2mms[22m[39m
 [32m✓[39m tests/NRP/patchBay.test.ts[2m > [22mpatchBay — op correctness[2m > [22mgate: blocks when inputs[0] < threshold[32m 0[2mms[22m[39m
 [32m✓[39m tests/NRP/patchBay.test.ts[2m > [22mpatchBay — op correctness[2m > [22mgate: with no inputs[1] returns 1 when gate open[32m 0[2mms[22m[39m
 [32m✓[39m tests/NRP/patchBay.test.ts[2m > [22mpatchBay — op correctness[2m > [22mpower: squares a single input[32m 28[2mms[22m[39m
 [32m✓[39m tests/NRP/patchBay.test.ts[2m > [22mpatchBay — op correctness[2m > [22mpower: cube of a single input[32m 7[2mms[22m[39m
 [32m✓[39m tests/NRP/patchBay.test.ts[2m > [22mpatchBay — integration with computeScoreDetailed[2m > [22mpatch scorers flow through computeScoreDetailed and appear in breakdown[32m 15[2mms[22m[39m
 [32m✓[39m tests/NRP/patchBay.test.ts[2m > [22mpatchBay — integration with computeScoreDetailed[2m > [22mtotal score includes patch contribution and stays in [0,1][32m 1[2mms[22m[39m
 [32m✓[39m tests/NRP/patchBay.test.ts[2m > [22mpatchBay — integration with computeScoreDetailed[2m > [22mpatch with zero contribution does not corrupt total[32m 2[2mms[22m[39m
 [32m✓[39m tests/semanticBranchReader.test.ts[2m > [22mreads exact semantic branches without swallowing sibling prefixes[32m 6[2mms[22m[39m
 [32m✓[39m tests/selfMapping.test.ts[2m > [22mself mapping[2m > [22mparses DNF selector groups with typed and bare tags[32m 5[2mms[22m[39m
 [32m✓[39m tests/selfMapping.test.ts[2m > [22mself mapping[2m > [22mmatches the local node when the selector targets one of its tags[32m 24[2mms[22m[39m
 [32m✓[39m tests/selfMapping.test.ts[2m > [22mself mapping[2m > [22mmarks the request as remote when the identity matches but the instance does not[32m 0[2mms[22m[39m
 [32m✓[39m tests/selfMapping.test.ts[2m > [22mself mapping[2m > [22mkeeps foreign namespaces outside the local identity hub[32m 0[2mms[22m[39m
 [32m✓[39m tests/selfMapping.test.ts[2m > [22mself mapping[2m > [22mbuilds a resolved surface entry from the answering host[32m 1[2mms[22m[39m
 [32m✓[39m tests/selfMapping.test.ts[2m > [22mself mapping[2m > [22mgenerates a unique surface keypair per monad instance — not derived from SEED[32m 6[2mms[22m[39m
 [32m✓[39m tests/selfMapping.test.ts[2m > [22mself mapping[2m > [22mproduces different monad identities for different SEEDs[32m 11[2mms[22m[39m
 [32m✓[39m tests/selfMapping.test.ts[2m > [22mself mapping[2m > [22mfalls back to random keypair when SEED is not set (backwards compatible)[32m 1[2mms[22m[39m
 [32m✓[39m tests/selfMapping.test.ts[2m > [22mself mapping[2m > [22mautogenerates and persists a daemon identity when none is configured[32m 2[2mms[22m[39m

[1m[33m ❯ [39m[22mtests/netgetRegistration.test.ts[2m 1/4[22m
[1m[33m ❯ [39m[22mtests/NRP/meshAnnounce.test.ts[2m 0/9[22m
[1m[33m ❯ [39m[22mtests/NRP/patchBay.test.ts[2m 25/25[22m
[1m[33m ❯ [39m[22mtests/semanticBootstrap.test.ts[2m 1/1[22m
[1m[33m ❯ [39m[22mtests/semanticBranchReader.test.ts[2m 1/1[22m
[1m[33m ❯ [39m[22mtests/usageLedger.test.ts[2m 0/24[22m

[2m Test Files [22m[1m[32m19 passed[39m[22m[90m (26)[39m
[2m      Tests [22m[1m[32m237 passed[39m[22m[90m (273)[39m
[2m   Start at [22m16:34:49
[2m   Duration [22m2.77s
[?2026l[?2026h[K[1A[K[1A[K[1A[K[1A[K[1A[K[1A[K[1A[K[1A[K[1A[K[1A[K[1A[K[1A[K [32m✓[39m tests/netgetRegistration.test.ts[2m > [22mnetgetRegistration[2m > [22mbuildNetGetMonadExposure[2m > [22mbuilds a loopback exposure with correct defaults[32m 2[2mms[22m[39m
 [32m✓[39m tests/netgetRegistration.test.ts[2m > [22mnetgetRegistration[2m > [22mbuildNetGetMonadRegistrationPayload[2m > [22mbuilds a valid registration payload from bootstrap[32m 6[2mms[22m[39m
 [32m✓[39m tests/netgetRegistration.test.ts[2m > [22mnetgetRegistration[2m > [22mbuildNetGetMonadRegistrationPayload[2m > [22mincludes public host aliases in claimed namespaces[32m 1[2mms[22m[39m
 [32m✓[39m tests/netgetRegistration.test.ts[2m > [22mnetgetRegistration[2m > [22mbuildNetGetMonadRegistrationPayload[2m > [22mreturns null when port is 0 (invalid bootstrap)[32m 0[2mms[22m[39m
 [32m✓[39m tests/usageLedger.test.ts[2m > [22mstableJson: sorts object keys recursively[32m 7[2mms[22m[39m
 [32m✓[39m tests/usageLedger.test.ts[2m > [22mstableJson: handles arrays without sorting elements[32m 0[2mms[22m[39m
 [32m✓[39m tests/usageLedger.test.ts[2m > [22mstableJson: handles null and primitives[32m 0[2mms[22m[39m
 [32m✓[39m tests/usageLedger.test.ts[2m > [22mstableJson: nested objects sort keys at each level[32m 0[2mms[22m[39m
 [32m✓[39m tests/usageLedger.test.ts[2m > [22misRunning is false before start()[32m 0[2mms[22m[39m
 [32m✓[39m tests/usageLedger.test.ts[2m > [22mstart() flips isRunning and returns this[32m 0[2mms[22m[39m
 [32m✓[39m tests/usageLedger.test.ts[2m > [22mstop() flips isRunning back to false[32m 0[2mms[22m[39m
 [32m✓[39m tests/usageLedger.test.ts[2m > [22mstart() is idempotent — calling twice keeps same key and state[32m 10[2mms[22m[39m
 [32m✓[39m tests/usageLedger.test.ts[2m > [22mpublicKeyHex is a valid importable Ed25519 SPKI public key[32m 2[2mms[22m[39m
 [32m✓[39m tests/usageLedger.test.ts[2m > [22mSEED-derived key is deterministic across instances[32m 20[2mms[22m[39m
 [32m✓[39m tests/usageLedger.test.ts[2m > [22mLevel 1: request event written to surface.usage.requests after tick[32m 6[2mms[22m[39m
 [32m✓[39m tests/usageLedger.test.ts[2m > [22mLevel 1: identityHash forwarded when present[32m 13[2mms[22m[39m
 [32m✓[39m tests/usageLedger.test.ts[2m > [22mLevel 1: null identityHash when not provided[32m 1[2mms[22m[39m
 [32m✓[39m tests/usageLedger.test.ts[2m > [22mLevel 1: signature verifies against embedded pubKey[32m 2[2mms[22m[39m
 [32m✓[39m tests/usageLedger.test.ts[2m > [22mLevel 1: tampering payload invalidates signature[32m 1[2mms[22m[39m
 [32m✓[39m tests/usageLedger.test.ts[2m > [22mLevel 2: flushWindowSnapshot() writes to surface.usage.window[32m 1[2mms[22m[39m
 [32m✓[39m tests/usageLedger.test.ts[2m > [22mLevel 2: consecutive flushWindowSnapshot() resets window start[32m 15[2mms[22m[39m
 [32m✓[39m tests/usageLedger.test.ts[2m > [22mLevel 2: window snapshot signature verifies[32m 3[2mms[22m[39m
 [32m✓[39m tests/usageLedger.test.ts[2m > [22mLevel 3: _exportToFile writes gateway-usage.json when NETGET_DATA_DIR is set[32m 3[2mms[22m[39m
 [32m✓[39m tests/usageLedger.test.ts[2m > [22mLevel 3: avgDurationMs is correct[32m 2[2mms[22m[39m
 [32m✓[39m tests/usageLedger.test.ts[2m > [22mLevel 3: aggregate resets after each window flush[32m 4[2mms[22m[39m
 [32m✓[39m tests/usageLedger.test.ts[2m > [22mLevel 3: usageFilePath returns path when NETGET_DATA_DIR is set[32m 0[2mms[22m[39m
 [32m✓[39m tests/usageLedger.test.ts[2m > [22mLevel 3: usageFilePath is null when NETGET_DATA_DIR is not set[32m 0[2mms[22m[39m
 [32m✓[39m tests/usageLedger.test.ts[2m > [22mstop() prevents further events from being written[32m 2[2mms[22m[39m
[90mstdout[2m | tests/NRP/meshAnnounce.test.ts[2m > [22m[2mPOST /.mesh/announce — valid registration[2m > [22m[2mreturns 200 with registered=true and writes entry to index
[22m[39m[mesh/announce] registered monad_id=monad:abc123 ns=suign.cleaker.me endpoint=http://raspberry.local:8161

 [32m✓[39m tests/NRP/meshAnnounce.test.ts[2m > [22mPOST /.mesh/announce — valid registration[2m > [22mreturns 200 with registered=true and writes entry to index[32m 97[2mms[22m[39m
[90mstdout[2m | tests/NRP/meshAnnounce.test.ts[2m > [22m[2mPOST /.mesh/announce — valid registration[2m > [22m[2mstores tags and claimed_namespaces correctly
[22m[39m[mesh/announce] registered monad_id=monad:abc123 ns=suign.cleaker.me endpoint=http://raspberry.local:8161

[90mstdout[2m | tests/NRP/meshAnnounce.test.ts[2m > [22m[2mPOST /.mesh/announce — throttling[2m > [22m[2msecond immediate announce returns registered=false with reason throttled
[22m[39m[mesh/announce] registered monad_id=monad:abc123 ns=suign.cleaker.me endpoint=http://raspberry.local:8161

[90mstdout[2m | tests/NRP/meshAnnounce.test.ts[2m > [22m[2mPOST /.mesh/announce — throttling[2m > [22m[2mdifferent monad_id is never throttled by another monad's window
[22m[39m[mesh/announce] registered monad_id=monad:abc123 ns=suign.cleaker.me endpoint=http://raspberry.local:8161

[90mstdout[2m | tests/NRP/meshAnnounce.test.ts[2m > [22m[2mPOST /.mesh/announce — throttling[2m > [22m[2mdifferent monad_id is never throttled by another monad's window
[22m[39m[mesh/announce] registered monad_id=monad:xyz999 ns=suign.cleaker.me endpoint=http://raspberry.local:8161


[1m[33m ❯ [39m[22mtests/commitsync.test.ts[2m [queued][22m
[1m[33m ❯ [39m[22mtests/NRP/meshAnnounce.test.ts[2m 1/9[22m
[1m[33m ❯ [39m[22mtests/observerRelation.test.ts[2m [queued][22m
[1m[33m ❯ [39m[22mtests/semanticBranchReader.test.ts[2m 1/1[22m

[2m Test Files [22m[1m[32m21 passed[39m[22m[90m (26)[39m
[2m      Tests [22m[1m[32m265 passed[39m[22m[90m (273)[39m
[2m   Start at [22m16:34:49
[2m   Duration [22m2.87s
[?2026l[K[1A[K[1A[K[1A[K[1A[K[1A[K[1A[K[1A[K[1A[K[1A[K[1A[K[90mstdout[2m | tests/NRP/meshAnnounce.test.ts[2m > [22m[2mPOST /.mesh/announce — defaults[2m > [22m[2mclaimed_namespaces defaults to [namespace] when absent
[22m[39m[mesh/announce] registered monad_id=monad:def456 ns=frank.local endpoint=http://frank.local:8161

[90mstdout[2m | tests/NRP/meshAnnounce.test.ts[2m > [22m[2mPOST /.mesh/announce — defaults[2m > [22m[2mstores scope_path when provided
[22m[39m[mesh/announce] registered monad_id=monad:scoped ns=suign.cleaker.me endpoint=http://raspberry.local:8161

 [32m✓[39m tests/NRP/meshAnnounce.test.ts[2m > [22mPOST /.mesh/announce — valid registration[2m > [22mstores tags and claimed_namespaces correctly[32m 8[2mms[22m[39m
 [32m✓[39m tests/NRP/meshAnnounce.test.ts[2m > [22mPOST /.mesh/announce — validation[2m > [22mreturns 400 when monad_id is missing[32m 4[2mms[22m[39m
 [32m✓[39m tests/NRP/meshAnnounce.test.ts[2m > [22mPOST /.mesh/announce — validation[2m > [22mreturns 400 when namespace is missing[32m 3[2mms[22m[39m
 [32m✓[39m tests/NRP/meshAnnounce.test.ts[2m > [22mPOST /.mesh/announce — validation[2m > [22mreturns 400 when endpoint is missing[32m 4[2mms[22m[39m
 [32m✓[39m tests/NRP/meshAnnounce.test.ts[2m > [22mPOST /.mesh/announce — throttling[2m > [22msecond immediate announce returns registered=false with reason throttled[32m 6[2mms[22m[39m
 [32m✓[39m tests/NRP/meshAnnounce.test.ts[2m > [22mPOST /.mesh/announce — throttling[2m > [22mdifferent monad_id is never throttled by another monad's window[32m 19[2mms[22m[39m
 [32m✓[39m tests/NRP/meshAnnounce.test.ts[2m > [22mPOST /.mesh/announce — defaults[2m > [22mclaimed_namespaces defaults to [namespace] when absent[32m 4[2mms[22m[39m
 [32m✓[39m tests/NRP/meshAnnounce.test.ts[2m > [22mPOST /.mesh/announce — defaults[2m > [22mstores scope_path when provided[32m 2[2mms[22m[39m
 [32m✓[39m tests/commitsync.test.ts[2m > [22mCommitSync: Memory Ledger[2m > [22mshould commit a new memory to the ledger[32m 5[2mms[22m[39m
 [32m✓[39m tests/commitsync.test.ts[2m > [22mCommitSync: Memory Ledger[2m > [22mshould sync memories incrementally[32m 0[2mms[22m[39m
 [32m✓[39m tests/commitsync.test.ts[2m > [22mSessionOrchestrator: Memory Replay[2m > [22mshould rebuild state by learning from the memory log[32m 1[2mms[22m[39m
 [32m✓[39m tests/observerRelation.test.ts[2m > [22mobserver relation routing[2m > [22mprefers the forwarded public host over the proxy host[32m 3[2mms[22m[39m
 [32m✓[39m tests/observerRelation.test.ts[2m > [22mobserver relation routing[2m > [22mkeeps the target namespace atomic and projects ?as onto the observer namespace[32m 2[2mms[22m[39m
 [32m✓[39m tests/observerRelation.test.ts[2m > [22mobserver relation routing[2m > [22mprojects the observer onto localhost without polluting the target namespace[32m 1[2mms[22m[39m
 [32m✓[39m tests/observerRelation.test.ts[2m > [22mobserver relation routing[2m > [22muses the cleaker namespace parser for localhost-derived identities[32m 0[2mms[22m[39m
 [32m✓[39m tests/observerRelation.test.ts[2m > [22mobserver relation routing[2m > [22mresolves direct daemon hostnames without going through localhost aliasing[32m 0[2mms[22m[39m
 [32m✓[39m tests/observerRelation.test.ts[2m > [22mobserver relation routing[2m > [22mmaps local host aliases onto the configured self identity namespace[32m 0[2mms[22m[39m
 [32m✓[39m tests/observerRelation.test.ts[2m > [22mobserver relation routing[2m > [22mpreserves legacy named views as a non-identity relation[32m 0[2mms[22m[39m
 [32m✓[39m tests/NRP/bridge.parse.test.ts[2m > [22mparseBridgeTarget — cleaker v3 (__ptr.target) API[2m > [22mparses standard namespace:op/path[32m 2[2mms[22m[39m
 [32m✓[39m tests/NRP/bridge.parse.test.ts[2m > [22mparseBridgeTarget — cleaker v3 (__ptr.target) API[2m > [22mparses dot-prefixed path (.mesh/monads)[32m 0[2mms[22m[39m
 [32m✓[39m tests/NRP/bridge.parse.test.ts[2m > [22mparseBridgeTarget — cleaker v3 (__ptr.target) API[2m > [22mparses __surface path[32m 0[2mms[22m[39m
 [32m✓[39m tests/NRP/bridge.parse.test.ts[2m > [22mparseBridgeTarget — cleaker v3 (__ptr.target) API[2m > [22mparses nested path into dot notation[32m 0[2mms[22m[39m
 [32m✓[39m tests/NRP/bridge.parse.test.ts[2m > [22mparseBridgeTarget — cleaker v3 (__ptr.target) API[2m > [22mreturns null for empty input[32m 0[2mms[22m[39m
 [32m✓[39m tests/NRP/bridge.parse.test.ts[2m > [22mparseBridgeTarget — cleaker v3 (__ptr.target) API[2m > [22mnormalizes namespace to lowercase[32m 0[2mms[22m[39m
 [32m✓[39m tests/NRP/bridge.parse.test.ts[2m > [22mparseBridgeTarget — cleaker v3 (__ptr.target) API[2m > [22maccepts shorthand without me:// prefix[32m 0[2mms[22m[39m
 [32m✓[39m tests/NRP/bridge.parse.test.ts[2m > [22mparseBridgeTarget — cleaker v3 (__ptr.target) API[2m > [22mbuilds correct nrp[32m 0[2mms[22m[39m
 [32m✓[39m tests/NRP/bridge.parse.test.ts[2m > [22mparseBridgeTarget — cleaker v3 (__ptr.target) API[2m > [22mnrp uses underscore for empty path[32m 0[2mms[22m[39m
 [32m✓[39m tests/NRP/bridge.parse.test.ts[2m > [22mextractMonadFromPath — monad[frank] path syntax[2m > [22mextracts monadId and empty remainingPath from bare monad[frank][32m 0[2mms[22m[39m
 [32m✓[39m tests/NRP/bridge.parse.test.ts[2m > [22mextractMonadFromPath — monad[frank] path syntax[2m > [22mextracts monadId and remainingPath from monad[frank]/projects/x[32m 0[2mms[22m[39m
 [32m✓[39m tests/NRP/bridge.parse.test.ts[2m > [22mextractMonadFromPath — monad[frank] path syntax[2m > [22mnormalizes monadId to lowercase[32m 0[2mms[22m[39m
 [32m✓[39m tests/NRP/bridge.parse.test.ts[2m > [22mextractMonadFromPath — monad[frank] path syntax[2m > [22mreturns null for normal paths[32m 0[2mms[22m[39m
 [32m✓[39m tests/NRP/bridge.parse.test.ts[2m > [22mextractMonadFromPath — monad[frank] path syntax[2m > [22mreturns null for malformed bracket syntax[32m 0[2mms[22m[39m
 [32m✓[39m tests/NRP/bridge.parse.test.ts[2m > [22mparseBridgeTarget — monad[frank] in path[2m > [22mextracts monadId and monadScopePath from monad[frank]/projects/x[32m 0[2mms[22m[39m
 [32m✓[39m tests/NRP/bridge.parse.test.ts[2m > [22mparseBridgeTarget — monad[frank] in path[2m > [22mmonadId is absent for normal paths (no monad[name] syntax)[32m 0[2mms[22m[39m
 [32m✓[39m tests/hostResolver.test.ts[2m > [22mcanonical host resolver[2m > [22mprojects a single-label host into a canonical namespace[32m 2[2mms[22m[39m
 [32m✓[39m tests/hostResolver.test.ts[2m > [22mcanonical host resolver[2m > [22mrejects multi-label projection when only the root space is known[32m 0[2mms[22m[39m
 [32m✓[39m tests/hostResolver.test.ts[2m > [22mcanonical host resolver[2m > [22mprefers the longest known-space suffix deterministically[32m 0[2mms[22m[39m
 [32m✓[39m tests/hostResolver.test.ts[2m > [22mcanonical host resolver[2m > [22mtreats localhost as transport-only[32m 0[2mms[22m[39m

[2m Test Files [22m [1m[32m26 passed[39m[22m[90m (26)[39m
[2m      Tests [22m [1m[32m303 passed[39m[22m[90m (303)[39m
[2m   Start at [22m 16:34:49
[2m   Duration [22m 2.98s[2m (transform 3.33s, setup 903ms, import 6.48s, tests 6.16s, environment 3ms)[22m

[?25h
> monad.ai@2.2.4 build /Users/suign/Desktop/Neuroverse/all.this/modules/monad/Typescript
> tsc && node --input-type=commonjs -e "require('fs').writeFileSync('dist/package.json', JSON.stringify({ type: 'module' }, null, 2) + '\n')"

